Using pre-set license
Built from '2023.2/release' branch; Version is '2023.2.4f1 (3a7eb0602d92) revision 3833520'; Using compiler version '193431935'; Build Type 'Release'
OS: 'Windows 11  (10.0.22631) 64bit Core' Language: 'en' Physical Memory: 16108 MB
BatchMode: 1, IsHumanControllingUs: 0, StartBugReporterOnCrash: 0, Is64bit: 1, IsPro: 1

COMMAND LINE ARGUMENTS:
C:\Program Files\Unity\Hub\Editor\2023.2.4f1\Editor\Unity.exe
-adb2
-batchMode
-noUpm
-name
AssetImportWorker0
-projectPath
C:/Users/glue/DAT253/lecture9UnityCodeStartRaytracer
-logFile
Logs/AssetImportWorker0.log
-srvPort
49243
-job-worker-count
7
-background-job-worker-count
8
-asset-garbage-collectors
1
Successfully changed project path to: C:/Users/glue/DAT253/lecture9UnityCodeStartRaytracer
C:/Users/glue/DAT253/lecture9UnityCodeStartRaytracer
[UnityMemory] Configuration Parameters - Can be set up in boot.config
    "memorysetup-bucket-allocator-granularity=16"
    "memorysetup-bucket-allocator-bucket-count=8"
    "memorysetup-bucket-allocator-block-size=33554432"
    "memorysetup-bucket-allocator-block-count=8"
    "memorysetup-main-allocator-block-size=16777216"
    "memorysetup-thread-allocator-block-size=16777216"
    "memorysetup-gfx-main-allocator-block-size=16777216"
    "memorysetup-gfx-thread-allocator-block-size=16777216"
    "memorysetup-cache-allocator-block-size=4194304"
    "memorysetup-typetree-allocator-block-size=2097152"
    "memorysetup-profiler-bucket-allocator-granularity=16"
    "memorysetup-profiler-bucket-allocator-bucket-count=8"
    "memorysetup-profiler-bucket-allocator-block-size=33554432"
    "memorysetup-profiler-bucket-allocator-block-count=8"
    "memorysetup-profiler-allocator-block-size=16777216"
    "memorysetup-profiler-editor-allocator-block-size=1048576"
    "memorysetup-temp-allocator-size-main=16777216"
    "memorysetup-job-temp-allocator-block-size=2097152"
    "memorysetup-job-temp-allocator-block-size-background=1048576"
    "memorysetup-job-temp-allocator-reduction-small-platforms=262144"
    "memorysetup-allocator-temp-initial-block-size-main=262144"
    "memorysetup-allocator-temp-initial-block-size-worker=262144"
    "memorysetup-temp-allocator-size-background-worker=32768"
    "memorysetup-temp-allocator-size-job-worker=262144"
    "memorysetup-temp-allocator-size-preload-manager=33554432"
    "memorysetup-temp-allocator-size-nav-mesh-worker=65536"
    "memorysetup-temp-allocator-size-audio-worker=65536"
    "memorysetup-temp-allocator-size-cloud-worker=32768"
    "memorysetup-temp-allocator-size-gi-baking-worker=262144"
    "memorysetup-temp-allocator-size-gi-baking-worker=262144"
    "memorysetup-temp-allocator-size-gi-baking-worker=262144"
    "memorysetup-temp-allocator-size-gi-baking-worker=262144"
    "memorysetup-temp-allocator-size-gfx=262144"
Player connection [17828] Host "[IP] 158.37.224.36 [Port] 0 [Flags] 2 [Guid] 2161938894 [EditorId] 2161938894 [Version] 1048832 [Id] WindowsEditor(7,Hardwin) [Debug] 1 [PackageName] WindowsEditor [ProjectName] Editor" joined multi-casting on [225.0.0.222:54997]...
Player connection [17828] Host "[IP] 158.37.224.36 [Port] 0 [Flags] 2 [Guid] 2161938894 [EditorId] 2161938894 [Version] 1048832 [Id] WindowsEditor(7,Hardwin) [Debug] 1 [PackageName] WindowsEditor [ProjectName] Editor" joined alternative multi-casting on [225.0.0.222:34997]...
JobSystem: Creating JobQueue using job-worker-count value 7
[Physics::Module] Initialized MultithreadedJobDispatcher with 7 workers.
Library Redirect Path: Library/
Refreshing native plugins compatible for Editor in 0.19 ms, found 0 plugins.
Preloading 0 native plugins for Editor in 0.00 ms.
Initialize engine version: 2023.2.4f1 (3a7eb0602d92)
[Subsystems] Discovering subsystems at path C:/Program Files/Unity/Hub/Editor/2023.2.4f1/Editor/Data/Resources/UnitySubsystems
[Subsystems] Discovering subsystems at path C:/Users/glue/DAT253/lecture9UnityCodeStartRaytracer/Assets
GfxDevice: creating device client; kGfxThreadingModeNonThreaded
Direct3D:
    Version:  Direct3D 11.0 [level 11.1]
    Renderer: NVIDIA GeForce RTX 3060 Laptop GPU (ID=0x2560)
    Vendor:   NVIDIA
    VRAM:     6009 MB
    Driver:   31.0.15.2799
Initialize mono
Mono path[0] = 'C:/Program Files/Unity/Hub/Editor/2023.2.4f1/Editor/Data/Managed'
Mono path[1] = 'C:/Program Files/Unity/Hub/Editor/2023.2.4f1/Editor/Data/MonoBleedingEdge/lib/mono/unityjit-win32'
Mono config path = 'C:/Program Files/Unity/Hub/Editor/2023.2.4f1/Editor/Data/MonoBleedingEdge/etc'
Using monoOptions --debugger-agent=transport=dt_socket,embedding=1,server=y,suspend=n,address=127.0.0.1:56812
Begin MonoManager ReloadAssembly
C:\build\output\Unity-Technologies\mono\mono\metadata\icall.c:1842:
C:\build\output\Unity-Technologies\mono\mono\metadata\icall.c:1842:
C:\build\output\Unity-Technologies\mono\mono\metadata\icall.c:1842:
C:\build\output\Unity-Technologies\mono\mono\metadata\icall.c:1842:
C:\build\output\Unity-Technologies\mono\mono\metadata\icall.c:1842:
C:\build\output\Unity-Technologies\mono\mono\metadata\icall.c:1842:
C:\build\output\Unity-Technologies\mono\mono\metadata\icall.c:1842:
C:\build\output\Unity-Technologies\mono\mono\metadata\icall.c:1842:
C:\build\output\Unity-Technologies\mono\mono\metadata\icall.c:1842:
C:\build\output\Unity-Technologies\mono\mono\metadata\icall.c:1842:
Registering precompiled unity dll's ...
Register platform support module: C:/Program Files/Unity/Hub/Editor/2023.2.4f1/Editor/Data/PlaybackEngines/WebGLSupport/UnityEditor.WebGL.Extensions.dll
Register platform support module: C:/Program Files/Unity/Hub/Editor/2023.2.4f1/Editor/Data/PlaybackEngines/WindowsStandaloneSupport/UnityEditor.WindowsStandalone.Extensions.dll
Registered in 0.004122 seconds.
- Loaded All Assemblies, in  0.402 seconds
Native extension for WindowsStandalone target not found
Native extension for WebGL target not found
Mono: successfully reloaded assembly
C:\build\output\Unity-Technologies\mono\mono\metadata\icall.c:1842:
C:\build\output\Unity-Technologies\mono\mono\metadata\icall.c:1842:
- Finished resetting the current domain, in  0.336 seconds
Domain Reload Profiling: 736ms
	BeginReloadAssembly (157ms)
		ExecutionOrderSort (0ms)
		DisableScriptedObjects (0ms)
		BackupInstance (0ms)
		ReleaseScriptingObjects (0ms)
		CreateAndSetChildDomain (1ms)
	RebuildCommonClasses (33ms)
	RebuildNativeTypeToScriptingClass (11ms)
	initialDomainReloadingComplete (50ms)
	LoadAllAssembliesAndSetupDomain (148ms)
		LoadAssemblies (154ms)
		RebuildTransferFunctionScriptingTraits (0ms)
		AnalyzeDomain (146ms)
			TypeCache.Refresh (145ms)
				TypeCache.ScanAssembly (133ms)
			BuildScriptInfoCaches (0ms)
			ResolveRequiredComponents (0ms)
	FinalizeReload (336ms)
		ReleaseScriptCaches (0ms)
		RebuildScriptCaches (0ms)
		SetupLoadedEditorAssemblies (292ms)
			LogAssemblyErrors (0ms)
			InitializePlatformSupportModulesInManaged (13ms)
			SetLoadedEditorAssemblies (7ms)
			BeforeProcessingInitializeOnLoad (9ms)
			ProcessInitializeOnLoadAttributes (218ms)
			ProcessInitializeOnLoadMethodAttributes (44ms)
			AfterProcessingInitializeOnLoad (0ms)
			EditorAssembliesLoaded (0ms)
		ExecutionOrderSort2 (0ms)
		AwakeInstancesAfterBackupRestoration (0ms)
========================================================================
Worker process is ready to serve import requests
Import Worker Mode flag is 0x00
Begin MonoManager ReloadAssembly
C:\build\output\Unity-Technologies\mono\mono\metadata\icall.c:1842:
C:\build\output\Unity-Technologies\mono\mono\metadata\icall.c:1842:
C:\build\output\Unity-Technologies\mono\mono\metadata\icall.c:1842:
C:\build\output\Unity-Technologies\mono\mono\metadata\icall.c:1842:
C:\build\output\Unity-Technologies\mono\mono\metadata\icall.c:1842:
C:\build\output\Unity-Technologies\mono\mono\metadata\icall.c:1842:
C:\build\output\Unity-Technologies\mono\mono\metadata\icall.c:1842:
C:\build\output\Unity-Technologies\mono\mono\metadata\icall.c:1842:
C:\build\output\Unity-Technologies\mono\mono\metadata\icall.c:1842:
C:\build\output\Unity-Technologies\mono\mono\metadata\icall.c:1842:
C:\build\output\Unity-Technologies\mono\mono\metadata\icall.c:1842:
C:\build\output\Unity-Technologies\mono\mono\metadata\icall.c:1842:
- Loaded All Assemblies, in  0.467 seconds
Refreshing native plugins compatible for Editor in 0.11 ms, found 0 plugins.
Native extension for WindowsStandalone target not found
Native extension for WebGL target not found
Mono: successfully reloaded assembly
- Finished resetting the current domain, in  0.370 seconds
Domain Reload Profiling: 836ms
	BeginReloadAssembly (292ms)
		ExecutionOrderSort (0ms)
		DisableScriptedObjects (5ms)
		BackupInstance (0ms)
		ReleaseScriptingObjects (0ms)
		CreateAndSetChildDomain (28ms)
	RebuildCommonClasses (32ms)
	RebuildNativeTypeToScriptingClass (10ms)
	initialDomainReloadingComplete (29ms)
	LoadAllAssembliesAndSetupDomain (103ms)
		LoadAssemblies (175ms)
		RebuildTransferFunctionScriptingTraits (0ms)
		AnalyzeDomain (18ms)
			TypeCache.Refresh (14ms)
				TypeCache.ScanAssembly (8ms)
			BuildScriptInfoCaches (2ms)
			ResolveRequiredComponents (0ms)
	FinalizeReload (371ms)
		ReleaseScriptCaches (0ms)
		RebuildScriptCaches (0ms)
		SetupLoadedEditorAssemblies (211ms)
			LogAssemblyErrors (0ms)
			InitializePlatformSupportModulesInManaged (3ms)
			SetLoadedEditorAssemblies (4ms)
			BeforeProcessingInitializeOnLoad (23ms)
			ProcessInitializeOnLoadAttributes (160ms)
			ProcessInitializeOnLoadMethodAttributes (18ms)
			AfterProcessingInitializeOnLoad (3ms)
			EditorAssembliesLoaded (0ms)
		ExecutionOrderSort2 (0ms)
		AwakeInstancesAfterBackupRestoration (5ms)
Launched and connected shader compiler UnityShaderCompiler.exe after 0.01 seconds
Refreshing native plugins compatible for Editor in 0.16 ms, found 0 plugins.
Preloading 0 native plugins for Editor in 0.00 ms.
Unloading 16 Unused Serialized files (Serialized files now loaded: 0)
Unloading 381 unused Assets / (86.0 KB). Loaded Objects now: 959.
Memory consumption went from 95.0 MB to 94.9 MB.
Total: 2.971500 ms (FindLiveObjects: 0.061400 ms CreateObjectMapping: 0.015700 ms MarkObjects: 2.757900 ms  DeleteObjects: 0.134500 ms)

========================================================================
Received Import Request.
  Time since last request: 301114.685160 seconds.
  path: Assets/Rt7diffusemat.shader
  artifactKey: Guid(393d6c72ffd7cc94ca2e6cebad199922) Importer(815301076,1909f56bfc062723c751e8b465ee728b)
Start importing Assets/Rt7diffusemat.shader using Guid(393d6c72ffd7cc94ca2e6cebad199922) Importer(815301076,1909f56bfc062723c751e8b465ee728b) (PreviewImporter) -> (artifact id: 'e7b1d2353a4ac0f14e2d0a9c6be216cc') in 0.0212028 seconds
Number of updated asset objects reloaded before import = 0Number of asset objects unloaded after import = 0

========================================================================
Received Import Request.
  Time since last request: 0.327138 seconds.
  path: Assets/Rt7diffusemat 1.shader
  artifactKey: Guid(02bc8fffd29215d44b023fe6134e462e) Importer(815301076,1909f56bfc062723c751e8b465ee728b)
Start importing Assets/Rt7diffusemat 1.shader using Guid(02bc8fffd29215d44b023fe6134e462e) Importer(815301076,1909f56bfc062723c751e8b465ee728b) (PreviewImporter) -> (artifact id: 'e965a5bfa2ed3a3152d9ae8eb60ca18f') in 0.0025715 seconds
Number of updated asset objects reloaded before import = 0Number of asset objects unloaded after import = 1

========================================================================
Received Import Request.
  Time since last request: 21.293822 seconds.
  path: Assets/Rt7diffusemat 1.shader
  artifactKey: Guid(02bc8fffd29215d44b023fe6134e462e) Importer(815301076,1909f56bfc062723c751e8b465ee728b)
Start importing Assets/Rt7diffusemat 1.shader using Guid(02bc8fffd29215d44b023fe6134e462e) Importer(815301076,1909f56bfc062723c751e8b465ee728b) (PreviewImporter) -> (artifact id: '809f8c2ae93abf5d468208f65c911118') in 0.0013499 seconds
Number of updated asset objects reloaded before import = 0Number of asset objects unloaded after import = 1

========================================================================
Received Import Request.
  Time since last request: 6.368731 seconds.
  path: Assets/Rt7diffusemat 1.shader
  artifactKey: Guid(02bc8fffd29215d44b023fe6134e462e) Importer(815301076,1909f56bfc062723c751e8b465ee728b)
Start importing Assets/Rt7diffusemat 1.shader using Guid(02bc8fffd29215d44b023fe6134e462e) Importer(815301076,1909f56bfc062723c751e8b465ee728b) (PreviewImporter) -> (artifact id: '38bcba12670606dcafb8b8f8e2376c9c') in 0.0011168 seconds
Number of updated asset objects reloaded before import = 0Number of asset objects unloaded after import = 1

========================================================================
Received Import Request.
  Time since last request: 233.230952 seconds.
  path: Assets/Rt7diffusemat 1.shader
  artifactKey: Guid(02bc8fffd29215d44b023fe6134e462e) Importer(815301076,1909f56bfc062723c751e8b465ee728b)
Start importing Assets/Rt7diffusemat 1.shader using Guid(02bc8fffd29215d44b023fe6134e462e) Importer(815301076,1909f56bfc062723c751e8b465ee728b) (PreviewImporter) -> (artifact id: '2368685e12bf8dd1bb3ec165cafd021c') in 0.0027567 seconds
Number of updated asset objects reloaded before import = 0Number of asset objects unloaded after import = 1

========================================================================
Received Import Request.
  Time since last request: 13.340641 seconds.
  path: Assets/Rt7diffusemat 1.shader
  artifactKey: Guid(02bc8fffd29215d44b023fe6134e462e) Importer(815301076,1909f56bfc062723c751e8b465ee728b)
Start importing Assets/Rt7diffusemat 1.shader using Guid(02bc8fffd29215d44b023fe6134e462e) Importer(815301076,1909f56bfc062723c751e8b465ee728b) (PreviewImporter) -> (artifact id: '2eaef661cf3c0273247e7e8284331318') in 0.0014069 seconds
Number of updated asset objects reloaded before import = 0Number of asset objects unloaded after import = 1

========================================================================
Received Import Request.
  Time since last request: 11.058659 seconds.
  path: Assets/Rt7diffusemat 1.shader
  artifactKey: Guid(02bc8fffd29215d44b023fe6134e462e) Importer(815301076,1909f56bfc062723c751e8b465ee728b)
Start importing Assets/Rt7diffusemat 1.shader using Guid(02bc8fffd29215d44b023fe6134e462e) Importer(815301076,1909f56bfc062723c751e8b465ee728b) (PreviewImporter) -> (artifact id: 'e0d29e6e720f7c9eb26d25330b8b03f4') in 0.002856 seconds
Number of updated asset objects reloaded before import = 0Number of asset objects unloaded after import = 1

========================================================================
Received Import Request.
  Time since last request: 46.297238 seconds.
  path: Assets/Rt7diffusemat 1.shader
  artifactKey: Guid(02bc8fffd29215d44b023fe6134e462e) Importer(815301076,1909f56bfc062723c751e8b465ee728b)
Start importing Assets/Rt7diffusemat 1.shader using Guid(02bc8fffd29215d44b023fe6134e462e) Importer(815301076,1909f56bfc062723c751e8b465ee728b) (PreviewImporter) -> (artifact id: '625e3a93db1cc22a39c21b5d8e9616c7') in 0.002355 seconds
Number of updated asset objects reloaded before import = 0Number of asset objects unloaded after import = 1

========================================================================
Received Import Request.
  Time since last request: 8.098059 seconds.
  path: Assets/Rt7diffusemat 1.shader
  artifactKey: Guid(02bc8fffd29215d44b023fe6134e462e) Importer(815301076,1909f56bfc062723c751e8b465ee728b)
Start importing Assets/Rt7diffusemat 1.shader using Guid(02bc8fffd29215d44b023fe6134e462e) Importer(815301076,1909f56bfc062723c751e8b465ee728b) (PreviewImporter) -> (artifact id: '5cd289db48ab9685b0501aec223b2c2c') in 0.0013795 seconds
Number of updated asset objects reloaded before import = 0Number of asset objects unloaded after import = 1

========================================================================
Received Import Request.
  Time since last request: 54.316374 seconds.
  path: Assets/Rt7diffusemat 1.shader
  artifactKey: Guid(02bc8fffd29215d44b023fe6134e462e) Importer(815301076,1909f56bfc062723c751e8b465ee728b)
Start importing Assets/Rt7diffusemat 1.shader using Guid(02bc8fffd29215d44b023fe6134e462e) Importer(815301076,1909f56bfc062723c751e8b465ee728b) (PreviewImporter) -> (artifact id: 'd2eeed4cd6f8a4ac569bff970882823c') in 0.0014076 seconds
Number of updated asset objects reloaded before import = 0Number of asset objects unloaded after import = 1

========================================================================
Received Import Request.
  Time since last request: 62.405954 seconds.
  path: Assets/Rt7diffusemat 1.shader
  artifactKey: Guid(02bc8fffd29215d44b023fe6134e462e) Importer(815301076,1909f56bfc062723c751e8b465ee728b)
Start importing Assets/Rt7diffusemat 1.shader using Guid(02bc8fffd29215d44b023fe6134e462e) Importer(815301076,1909f56bfc062723c751e8b465ee728b) (PreviewImporter) -> (artifact id: 'cc1fd14cd5c02aa3bf50c7e3723eaf04') in 0.0012146 seconds
Number of updated asset objects reloaded before import = 0Number of asset objects unloaded after import = 1

========================================================================
Received Import Request.
  Time since last request: 7.347684 seconds.
  path: Assets/Rt7diffusemat 1.shader
  artifactKey: Guid(02bc8fffd29215d44b023fe6134e462e) Importer(815301076,1909f56bfc062723c751e8b465ee728b)
Start importing Assets/Rt7diffusemat 1.shader using Guid(02bc8fffd29215d44b023fe6134e462e) Importer(815301076,1909f56bfc062723c751e8b465ee728b) (PreviewImporter) -> (artifact id: 'a41e392619909222684b38dbfa8275bc') in 0.001109 seconds
Number of updated asset objects reloaded before import = 0Number of asset objects unloaded after import = 1

========================================================================
Received Import Request.
  Time since last request: 4.827454 seconds.
  path: Assets/Rt7diffusemat 1.shader
  artifactKey: Guid(02bc8fffd29215d44b023fe6134e462e) Importer(815301076,1909f56bfc062723c751e8b465ee728b)
Start importing Assets/Rt7diffusemat 1.shader using Guid(02bc8fffd29215d44b023fe6134e462e) Importer(815301076,1909f56bfc062723c751e8b465ee728b) (PreviewImporter) -> (artifact id: '3081a5775d2bcb9dcd6216e0c0241832') in 0.0012807 seconds
Number of updated asset objects reloaded before import = 0Number of asset objects unloaded after import = 1

========================================================================
Received Import Request.
  Time since last request: 18.152830 seconds.
  path: Assets/Rt7diffusemat 1.shader
  artifactKey: Guid(02bc8fffd29215d44b023fe6134e462e) Importer(815301076,1909f56bfc062723c751e8b465ee728b)
Start importing Assets/Rt7diffusemat 1.shader using Guid(02bc8fffd29215d44b023fe6134e462e) Importer(815301076,1909f56bfc062723c751e8b465ee728b) (PreviewImporter) -> (artifact id: '2e16df7dc1114e3134f72bc68d5dc07c') in 0.0011706 seconds
Number of updated asset objects reloaded before import = 0Number of asset objects unloaded after import = 1

========================================================================
Received Import Request.
  Time since last request: 5.680218 seconds.
  path: Assets/Rt7diffusemat 1.shader
  artifactKey: Guid(02bc8fffd29215d44b023fe6134e462e) Importer(815301076,1909f56bfc062723c751e8b465ee728b)
Start importing Assets/Rt7diffusemat 1.shader using Guid(02bc8fffd29215d44b023fe6134e462e) Importer(815301076,1909f56bfc062723c751e8b465ee728b) (PreviewImporter) -> (artifact id: '1fe6682fe6634827c4d56f47c9c50c0b') in 0.0012081 seconds
Number of updated asset objects reloaded before import = 0Number of asset objects unloaded after import = 1

========================================================================
Received Import Request.
  Time since last request: 10.107660 seconds.
  path: Assets/Rt7diffusemat 1.shader
  artifactKey: Guid(02bc8fffd29215d44b023fe6134e462e) Importer(815301076,1909f56bfc062723c751e8b465ee728b)
Start importing Assets/Rt7diffusemat 1.shader using Guid(02bc8fffd29215d44b023fe6134e462e) Importer(815301076,1909f56bfc062723c751e8b465ee728b) (PreviewImporter) -> (artifact id: 'd2bec4ea91234d7bf7bbf5d7b2ccdcdf') in 0.0012711 seconds
Number of updated asset objects reloaded before import = 0Number of asset objects unloaded after import = 1

========================================================================
Received Import Request.
  Time since last request: 43.921677 seconds.
  path: Assets/Rt7diffusemat 1.shader
  artifactKey: Guid(02bc8fffd29215d44b023fe6134e462e) Importer(815301076,1909f56bfc062723c751e8b465ee728b)
Start importing Assets/Rt7diffusemat 1.shader using Guid(02bc8fffd29215d44b023fe6134e462e) Importer(815301076,1909f56bfc062723c751e8b465ee728b) (PreviewImporter) -> (artifact id: 'aaa7b670e9fa1c0f7f53ef743b86abfa') in 0.0013343 seconds
Number of updated asset objects reloaded before import = 0Number of asset objects unloaded after import = 1

========================================================================
Received Import Request.
  Time since last request: 12.561579 seconds.
  path: Assets/Rt7diffusemat 1.shader
  artifactKey: Guid(02bc8fffd29215d44b023fe6134e462e) Importer(815301076,1909f56bfc062723c751e8b465ee728b)
Start importing Assets/Rt7diffusemat 1.shader using Guid(02bc8fffd29215d44b023fe6134e462e) Importer(815301076,1909f56bfc062723c751e8b465ee728b) (PreviewImporter) -> (artifact id: '7c875049378f8c802242eba253f72673') in 0.0015366 seconds
Number of updated asset objects reloaded before import = 0Number of asset objects unloaded after import = 1

========================================================================
Received Import Request.
  Time since last request: 59.245377 seconds.
  path: Assets/Rt7diffusemat 1.shader
  artifactKey: Guid(02bc8fffd29215d44b023fe6134e462e) Importer(815301076,1909f56bfc062723c751e8b465ee728b)
Start importing Assets/Rt7diffusemat 1.shader using Guid(02bc8fffd29215d44b023fe6134e462e) Importer(815301076,1909f56bfc062723c751e8b465ee728b) (PreviewImporter) -> (artifact id: 'af7e43ebf2700fc05b16a60dff64dbc2') in 0.0012449 seconds
Number of updated asset objects reloaded before import = 0Number of asset objects unloaded after import = 1

