Using pre-set license
Built from '2023.2/release' branch; Version is '2023.2.4f1 (3a7eb0602d92) revision 3833520'; Using compiler version '193431935'; Build Type 'Release'
OS: 'Windows 11  (10.0.22631) 64bit Core' Language: 'en' Physical Memory: 16108 MB
BatchMode: 1, IsHumanControllingUs: 0, StartBugReporterOnCrash: 0, Is64bit: 1, IsPro: 1

COMMAND LINE ARGUMENTS:
C:\Program Files\Unity\Hub\Editor\2023.2.4f1\Editor\Unity.exe
-adb2
-batchMode
-noUpm
-name
AssetImportWorker0
-projectPath
C:/Users/glue/DAT253/lecture9UnityCodeStartRaytracer
-logFile
Logs/AssetImportWorker0.log
-srvPort
58915
-job-worker-count
7
-background-job-worker-count
8
-asset-garbage-collectors
1
Successfully changed project path to: C:/Users/glue/DAT253/lecture9UnityCodeStartRaytracer
C:/Users/glue/DAT253/lecture9UnityCodeStartRaytracer
[UnityMemory] Configuration Parameters - Can be set up in boot.config
    "memorysetup-bucket-allocator-granularity=16"
    "memorysetup-bucket-allocator-bucket-count=8"
    "memorysetup-bucket-allocator-block-size=33554432"
    "memorysetup-bucket-allocator-block-count=8"
    "memorysetup-main-allocator-block-size=16777216"
    "memorysetup-thread-allocator-block-size=16777216"
    "memorysetup-gfx-main-allocator-block-size=16777216"
    "memorysetup-gfx-thread-allocator-block-size=16777216"
    "memorysetup-cache-allocator-block-size=4194304"
    "memorysetup-typetree-allocator-block-size=2097152"
    "memorysetup-profiler-bucket-allocator-granularity=16"
    "memorysetup-profiler-bucket-allocator-bucket-count=8"
    "memorysetup-profiler-bucket-allocator-block-size=33554432"
    "memorysetup-profiler-bucket-allocator-block-count=8"
    "memorysetup-profiler-allocator-block-size=16777216"
    "memorysetup-profiler-editor-allocator-block-size=1048576"
    "memorysetup-temp-allocator-size-main=16777216"
    "memorysetup-job-temp-allocator-block-size=2097152"
    "memorysetup-job-temp-allocator-block-size-background=1048576"
    "memorysetup-job-temp-allocator-reduction-small-platforms=262144"
    "memorysetup-allocator-temp-initial-block-size-main=262144"
    "memorysetup-allocator-temp-initial-block-size-worker=262144"
    "memorysetup-temp-allocator-size-background-worker=32768"
    "memorysetup-temp-allocator-size-job-worker=262144"
    "memorysetup-temp-allocator-size-preload-manager=33554432"
    "memorysetup-temp-allocator-size-nav-mesh-worker=65536"
    "memorysetup-temp-allocator-size-audio-worker=65536"
    "memorysetup-temp-allocator-size-cloud-worker=32768"
    "memorysetup-temp-allocator-size-gi-baking-worker=262144"
    "memorysetup-temp-allocator-size-gi-baking-worker=262144"
    "memorysetup-temp-allocator-size-gi-baking-worker=262144"
    "memorysetup-temp-allocator-size-gi-baking-worker=262144"
    "memorysetup-temp-allocator-size-gfx=262144"
Player connection [8544] Host "[IP] 192.168.10.176 [Port] 0 [Flags] 2 [Guid] 3169432788 [EditorId] 3169432788 [Version] 1048832 [Id] WindowsEditor(7,Hardwin) [Debug] 1 [PackageName] WindowsEditor [ProjectName] Editor" joined multi-casting on [225.0.0.222:54997]...
Player connection [8544] Host "[IP] 192.168.10.176 [Port] 0 [Flags] 2 [Guid] 3169432788 [EditorId] 3169432788 [Version] 1048832 [Id] WindowsEditor(7,Hardwin) [Debug] 1 [PackageName] WindowsEditor [ProjectName] Editor" joined alternative multi-casting on [225.0.0.222:34997]...
JobSystem: Creating JobQueue using job-worker-count value 7
[Physics::Module] Initialized MultithreadedJobDispatcher with 7 workers.
Library Redirect Path: Library/
Refreshing native plugins compatible for Editor in 0.16 ms, found 0 plugins.
Preloading 0 native plugins for Editor in 0.00 ms.
Initialize engine version: 2023.2.4f1 (3a7eb0602d92)
[Subsystems] Discovering subsystems at path C:/Program Files/Unity/Hub/Editor/2023.2.4f1/Editor/Data/Resources/UnitySubsystems
[Subsystems] Discovering subsystems at path C:/Users/glue/DAT253/lecture9UnityCodeStartRaytracer/Assets
GfxDevice: creating device client; kGfxThreadingModeNonThreaded
Direct3D:
    Version:  Direct3D 11.0 [level 11.1]
    Renderer: NVIDIA GeForce RTX 3060 Laptop GPU (ID=0x2560)
    Vendor:   NVIDIA
    VRAM:     6009 MB
    Driver:   31.0.15.2799
Initialize mono
Mono path[0] = 'C:/Program Files/Unity/Hub/Editor/2023.2.4f1/Editor/Data/Managed'
Mono path[1] = 'C:/Program Files/Unity/Hub/Editor/2023.2.4f1/Editor/Data/MonoBleedingEdge/lib/mono/unityjit-win32'
Mono config path = 'C:/Program Files/Unity/Hub/Editor/2023.2.4f1/Editor/Data/MonoBleedingEdge/etc'
Using monoOptions --debugger-agent=transport=dt_socket,embedding=1,server=y,suspend=n,address=127.0.0.1:56280
Begin MonoManager ReloadAssembly
C:\build\output\Unity-Technologies\mono\mono\metadata\icall.c:1842:
C:\build\output\Unity-Technologies\mono\mono\metadata\icall.c:1842:
C:\build\output\Unity-Technologies\mono\mono\metadata\icall.c:1842:
C:\build\output\Unity-Technologies\mono\mono\metadata\icall.c:1842:
C:\build\output\Unity-Technologies\mono\mono\metadata\icall.c:1842:
C:\build\output\Unity-Technologies\mono\mono\metadata\icall.c:1842:
C:\build\output\Unity-Technologies\mono\mono\metadata\icall.c:1842:
C:\build\output\Unity-Technologies\mono\mono\metadata\icall.c:1842:
C:\build\output\Unity-Technologies\mono\mono\metadata\icall.c:1842:
C:\build\output\Unity-Technologies\mono\mono\metadata\icall.c:1842:
Registering precompiled unity dll's ...
Register platform support module: C:/Program Files/Unity/Hub/Editor/2023.2.4f1/Editor/Data/PlaybackEngines/WebGLSupport/UnityEditor.WebGL.Extensions.dll
Register platform support module: C:/Program Files/Unity/Hub/Editor/2023.2.4f1/Editor/Data/PlaybackEngines/WindowsStandaloneSupport/UnityEditor.WindowsStandalone.Extensions.dll
Registered in 0.002527 seconds.
- Loaded All Assemblies, in  0.317 seconds
Native extension for WindowsStandalone target not found
Native extension for WebGL target not found
Mono: successfully reloaded assembly
C:\build\output\Unity-Technologies\mono\mono\metadata\icall.c:1842:
C:\build\output\Unity-Technologies\mono\mono\metadata\icall.c:1842:
- Finished resetting the current domain, in  0.289 seconds
Domain Reload Profiling: 604ms
	BeginReloadAssembly (104ms)
		ExecutionOrderSort (0ms)
		DisableScriptedObjects (0ms)
		BackupInstance (0ms)
		ReleaseScriptingObjects (0ms)
		CreateAndSetChildDomain (1ms)
	RebuildCommonClasses (30ms)
	RebuildNativeTypeToScriptingClass (11ms)
	initialDomainReloadingComplete (39ms)
	LoadAllAssembliesAndSetupDomain (130ms)
		LoadAssemblies (102ms)
		RebuildTransferFunctionScriptingTraits (0ms)
		AnalyzeDomain (128ms)
			TypeCache.Refresh (127ms)
				TypeCache.ScanAssembly (116ms)
			BuildScriptInfoCaches (0ms)
			ResolveRequiredComponents (0ms)
	FinalizeReload (289ms)
		ReleaseScriptCaches (0ms)
		RebuildScriptCaches (0ms)
		SetupLoadedEditorAssemblies (250ms)
			LogAssemblyErrors (0ms)
			InitializePlatformSupportModulesInManaged (10ms)
			SetLoadedEditorAssemblies (5ms)
			BeforeProcessingInitializeOnLoad (7ms)
			ProcessInitializeOnLoadAttributes (188ms)
			ProcessInitializeOnLoadMethodAttributes (40ms)
			AfterProcessingInitializeOnLoad (0ms)
			EditorAssembliesLoaded (0ms)
		ExecutionOrderSort2 (0ms)
		AwakeInstancesAfterBackupRestoration (0ms)
========================================================================
Worker process is ready to serve import requests
Import Worker Mode flag is 0x00
Begin MonoManager ReloadAssembly
C:\build\output\Unity-Technologies\mono\mono\metadata\icall.c:1842:
C:\build\output\Unity-Technologies\mono\mono\metadata\icall.c:1842:
C:\build\output\Unity-Technologies\mono\mono\metadata\icall.c:1842:
C:\build\output\Unity-Technologies\mono\mono\metadata\icall.c:1842:
C:\build\output\Unity-Technologies\mono\mono\metadata\icall.c:1842:
C:\build\output\Unity-Technologies\mono\mono\metadata\icall.c:1842:
C:\build\output\Unity-Technologies\mono\mono\metadata\icall.c:1842:
C:\build\output\Unity-Technologies\mono\mono\metadata\icall.c:1842:
C:\build\output\Unity-Technologies\mono\mono\metadata\icall.c:1842:
C:\build\output\Unity-Technologies\mono\mono\metadata\icall.c:1842:
C:\build\output\Unity-Technologies\mono\mono\metadata\icall.c:1842:
C:\build\output\Unity-Technologies\mono\mono\metadata\icall.c:1842:
- Loaded All Assemblies, in  0.502 seconds
Refreshing native plugins compatible for Editor in 0.11 ms, found 0 plugins.
Native extension for WindowsStandalone target not found
Native extension for WebGL target not found
Mono: successfully reloaded assembly
- Finished resetting the current domain, in  0.391 seconds
Domain Reload Profiling: 891ms
	BeginReloadAssembly (329ms)
		ExecutionOrderSort (0ms)
		DisableScriptedObjects (5ms)
		BackupInstance (0ms)
		ReleaseScriptingObjects (0ms)
		CreateAndSetChildDomain (25ms)
	RebuildCommonClasses (29ms)
	RebuildNativeTypeToScriptingClass (10ms)
	initialDomainReloadingComplete (29ms)
	LoadAllAssembliesAndSetupDomain (102ms)
		LoadAssemblies (166ms)
		RebuildTransferFunctionScriptingTraits (0ms)
		AnalyzeDomain (18ms)
			TypeCache.Refresh (14ms)
				TypeCache.ScanAssembly (7ms)
			BuildScriptInfoCaches (2ms)
			ResolveRequiredComponents (0ms)
	FinalizeReload (392ms)
		ReleaseScriptCaches (0ms)
		RebuildScriptCaches (0ms)
		SetupLoadedEditorAssemblies (240ms)
			LogAssemblyErrors (0ms)
			InitializePlatformSupportModulesInManaged (3ms)
			SetLoadedEditorAssemblies (4ms)
			BeforeProcessingInitializeOnLoad (17ms)
			ProcessInitializeOnLoadAttributes (175ms)
			ProcessInitializeOnLoadMethodAttributes (36ms)
			AfterProcessingInitializeOnLoad (5ms)
			EditorAssembliesLoaded (0ms)
		ExecutionOrderSort2 (0ms)
		AwakeInstancesAfterBackupRestoration (5ms)
Launched and connected shader compiler UnityShaderCompiler.exe after 0.02 seconds
Refreshing native plugins compatible for Editor in 0.16 ms, found 0 plugins.
Preloading 0 native plugins for Editor in 0.00 ms.
Unloading 16 Unused Serialized files (Serialized files now loaded: 0)
Unloading 381 unused Assets / (128.3 KB). Loaded Objects now: 959.
Memory consumption went from 94.8 MB to 94.7 MB.
Total: 4.287900 ms (FindLiveObjects: 0.066000 ms CreateObjectMapping: 0.014500 ms MarkObjects: 3.987800 ms  DeleteObjects: 0.218100 ms)

========================================================================
Received Import Request.
  Time since last request: 638546.652769 seconds.
  path: Assets/Rt7diffusemat.shader
  artifactKey: Guid(393d6c72ffd7cc94ca2e6cebad199922) Importer(815301076,1909f56bfc062723c751e8b465ee728b)
Start importing Assets/Rt7diffusemat.shader using Guid(393d6c72ffd7cc94ca2e6cebad199922) Importer(815301076,1909f56bfc062723c751e8b465ee728b) (PreviewImporter) -> (artifact id: '011fd742185825349bec15be585b746f') in 0.0313787 seconds
Number of updated asset objects reloaded before import = 1Number of asset objects unloaded after import = 0

========================================================================
Received Import Request.
  Time since last request: 29.570783 seconds.
  path: Assets/Rt7diffusemat 1.shader
  artifactKey: Guid(3dfd7edb2d353a7428fdc2452365a471) Importer(815301076,1909f56bfc062723c751e8b465ee728b)
Start importing Assets/Rt7diffusemat 1.shader using Guid(3dfd7edb2d353a7428fdc2452365a471) Importer(815301076,1909f56bfc062723c751e8b465ee728b) (PreviewImporter) -> (artifact id: '9e0c2e28b6b7e0cc4cf2d2f8af614703') in 0.0014949 seconds
Number of updated asset objects reloaded before import = 1Number of asset objects unloaded after import = 1

========================================================================
Received Import Request.
  Time since last request: 9.316125 seconds.
  path: Assets/Rt8metal.shader
  artifactKey: Guid(3dfd7edb2d353a7428fdc2452365a471) Importer(815301076,1909f56bfc062723c751e8b465ee728b)
Start importing Assets/Rt8metal.shader using Guid(3dfd7edb2d353a7428fdc2452365a471) Importer(815301076,1909f56bfc062723c751e8b465ee728b) (PreviewImporter) -> (artifact id: '26004389af2d7f440b0d632b3128c90a') in 0.0012151 seconds
Number of updated asset objects reloaded before import = 0Number of asset objects unloaded after import = 1

========================================================================
Received Import Request.
  Time since last request: 4.567398 seconds.
  path: Assets/Rt7diffuse.shader
  artifactKey: Guid(393d6c72ffd7cc94ca2e6cebad199922) Importer(815301076,1909f56bfc062723c751e8b465ee728b)
Start importing Assets/Rt7diffuse.shader using Guid(393d6c72ffd7cc94ca2e6cebad199922) Importer(815301076,1909f56bfc062723c751e8b465ee728b) (PreviewImporter) -> (artifact id: 'a33145b9cf14c8588ca7a94ccd085a77') in 0.0006217 seconds
Number of updated asset objects reloaded before import = 1Number of asset objects unloaded after import = 0

========================================================================
Received Import Request.
  Time since last request: 9518.568208 seconds.
  path: Assets/Rt8metal.shader
  artifactKey: Guid(3dfd7edb2d353a7428fdc2452365a471) Importer(815301076,1909f56bfc062723c751e8b465ee728b)
Start importing Assets/Rt8metal.shader using Guid(3dfd7edb2d353a7428fdc2452365a471) Importer(815301076,1909f56bfc062723c751e8b465ee728b) (PreviewImporter) -> (artifact id: 'ba9e8b89dcae8ad7cabffa9de2883f88') in 0.1007149 seconds
Number of updated asset objects reloaded before import = 0Number of asset objects unloaded after import = 1

========================================================================
Received Import Request.
  Time since last request: 1911.620670 seconds.
  path: Assets/Rt8metal.shader
  artifactKey: Guid(3dfd7edb2d353a7428fdc2452365a471) Importer(815301076,1909f56bfc062723c751e8b465ee728b)
Start importing Assets/Rt8metal.shader using Guid(3dfd7edb2d353a7428fdc2452365a471) Importer(815301076,1909f56bfc062723c751e8b465ee728b) (PreviewImporter) -> (artifact id: 'ebd89aa7d6714b00b4d1bffb5476c70e') in 0.0033747 seconds
Number of updated asset objects reloaded before import = 0Number of asset objects unloaded after import = 1

========================================================================
Received Import Request.
  Time since last request: 173.242569 seconds.
  path: Assets/Rt8metal.shader
  artifactKey: Guid(3dfd7edb2d353a7428fdc2452365a471) Importer(815301076,1909f56bfc062723c751e8b465ee728b)
Start importing Assets/Rt8metal.shader using Guid(3dfd7edb2d353a7428fdc2452365a471) Importer(815301076,1909f56bfc062723c751e8b465ee728b) (PreviewImporter) -> (artifact id: 'fffb584961c30a518f39b7fd207519a0') in 0.0016274 seconds
Number of updated asset objects reloaded before import = 0Number of asset objects unloaded after import = 1

========================================================================
Received Import Request.
  Time since last request: 183.587213 seconds.
  path: Assets/Rt8metal.shader
  artifactKey: Guid(3dfd7edb2d353a7428fdc2452365a471) Importer(815301076,1909f56bfc062723c751e8b465ee728b)
Start importing Assets/Rt8metal.shader using Guid(3dfd7edb2d353a7428fdc2452365a471) Importer(815301076,1909f56bfc062723c751e8b465ee728b) (PreviewImporter) -> (artifact id: '97388a5e57e34ee0d70383a8cf4c318b') in 0.0016241 seconds
Number of updated asset objects reloaded before import = 0Number of asset objects unloaded after import = 1

========================================================================
Received Import Request.
  Time since last request: 7.836849 seconds.
  path: Assets/Rt8metal.shader
  artifactKey: Guid(3dfd7edb2d353a7428fdc2452365a471) Importer(815301076,1909f56bfc062723c751e8b465ee728b)
Start importing Assets/Rt8metal.shader using Guid(3dfd7edb2d353a7428fdc2452365a471) Importer(815301076,1909f56bfc062723c751e8b465ee728b) (PreviewImporter) -> (artifact id: '95ff502629d499978a03ceed5c3b3c56') in 0.0011365 seconds
Number of updated asset objects reloaded before import = 0Number of asset objects unloaded after import = 1

========================================================================
Received Import Request.
  Time since last request: 374.237679 seconds.
  path: Assets/Rt8metal.shader
  artifactKey: Guid(3dfd7edb2d353a7428fdc2452365a471) Importer(815301076,1909f56bfc062723c751e8b465ee728b)
Start importing Assets/Rt8metal.shader using Guid(3dfd7edb2d353a7428fdc2452365a471) Importer(815301076,1909f56bfc062723c751e8b465ee728b) (PreviewImporter) -> (artifact id: '5c58b20e132e8f4712035006dc4b37cd') in 0.0025389 seconds
Number of updated asset objects reloaded before import = 0Number of asset objects unloaded after import = 1

========================================================================
Received Import Request.
  Time since last request: 28.928776 seconds.
  path: Assets/Rt8metal.shader
  artifactKey: Guid(3dfd7edb2d353a7428fdc2452365a471) Importer(815301076,1909f56bfc062723c751e8b465ee728b)
Start importing Assets/Rt8metal.shader using Guid(3dfd7edb2d353a7428fdc2452365a471) Importer(815301076,1909f56bfc062723c751e8b465ee728b) (PreviewImporter) -> (artifact id: 'd66c90704f645d42573187f2cec0c1b0') in 0.0013866 seconds
Number of updated asset objects reloaded before import = 0Number of asset objects unloaded after import = 1

========================================================================
Received Import Request.
  Time since last request: 42.049487 seconds.
  path: Assets/Rt8metal.shader
  artifactKey: Guid(3dfd7edb2d353a7428fdc2452365a471) Importer(815301076,1909f56bfc062723c751e8b465ee728b)
Start importing Assets/Rt8metal.shader using Guid(3dfd7edb2d353a7428fdc2452365a471) Importer(815301076,1909f56bfc062723c751e8b465ee728b) (PreviewImporter) -> (artifact id: 'da76f63c18153909afb3ea2a1532a384') in 0.001341 seconds
Number of updated asset objects reloaded before import = 0Number of asset objects unloaded after import = 1

========================================================================
Received Import Request.
  Time since last request: 128.765147 seconds.
  path: Assets/Rt8metal.shader
  artifactKey: Guid(3dfd7edb2d353a7428fdc2452365a471) Importer(815301076,1909f56bfc062723c751e8b465ee728b)
Start importing Assets/Rt8metal.shader using Guid(3dfd7edb2d353a7428fdc2452365a471) Importer(815301076,1909f56bfc062723c751e8b465ee728b) (PreviewImporter) -> (artifact id: 'bca20a511363fbfe1b7f3778b3264fc6') in 0.0013734 seconds
Number of updated asset objects reloaded before import = 0Number of asset objects unloaded after import = 1

========================================================================
Received Import Request.
  Time since last request: 30.520022 seconds.
  path: Assets/Rt8metal.shader
  artifactKey: Guid(3dfd7edb2d353a7428fdc2452365a471) Importer(815301076,1909f56bfc062723c751e8b465ee728b)
Start importing Assets/Rt8metal.shader using Guid(3dfd7edb2d353a7428fdc2452365a471) Importer(815301076,1909f56bfc062723c751e8b465ee728b) (PreviewImporter) -> (artifact id: '6b16e85d966e45451c7f0e2b35359cbb') in 0.0014624 seconds
Number of updated asset objects reloaded before import = 0Number of asset objects unloaded after import = 1

========================================================================
Received Import Request.
  Time since last request: 63.930012 seconds.
  path: Assets/Rt8metal.shader
  artifactKey: Guid(3dfd7edb2d353a7428fdc2452365a471) Importer(815301076,1909f56bfc062723c751e8b465ee728b)
Start importing Assets/Rt8metal.shader using Guid(3dfd7edb2d353a7428fdc2452365a471) Importer(815301076,1909f56bfc062723c751e8b465ee728b) (PreviewImporter) -> (artifact id: 'c0607babc7b0d6e44c07e550abe6a590') in 0.001645 seconds
Number of updated asset objects reloaded before import = 0Number of asset objects unloaded after import = 1

========================================================================
Received Import Request.
  Time since last request: 5668.501682 seconds.
  path: Assets/Resources
  artifactKey: Guid(dee309fe325755a42875eb7752a9002a) Importer(815301076,1909f56bfc062723c751e8b465ee728b)
Start importing Assets/Resources using Guid(dee309fe325755a42875eb7752a9002a) Importer(815301076,1909f56bfc062723c751e8b465ee728b) (PreviewImporter) -> (artifact id: 'd04b9a4920bfd29c6bedc45b4111dd41') in 0.0069001 seconds
Number of updated asset objects reloaded before import = 0Number of asset objects unloaded after import = 0

========================================================================
Received Import Request.
  Time since last request: 10.347930 seconds.
  path: Assets/Resources/common
  artifactKey: Guid(6053e99e96d9ecf46a7a5dab6f51d645) Importer(815301076,1909f56bfc062723c751e8b465ee728b)
Start importing Assets/Resources/common using Guid(6053e99e96d9ecf46a7a5dab6f51d645) Importer(815301076,1909f56bfc062723c751e8b465ee728b) (PreviewImporter) -> (artifact id: '96c840586079961fd44769b520242402') in 0.0006774 seconds
Number of updated asset objects reloaded before import = 0Number of asset objects unloaded after import = 0

========================================================================
Received Import Request.
  Time since last request: 37.953072 seconds.
  path: Assets/Resources/common/HelperFunctions.hlsl
  artifactKey: Guid(167b33ee990622e45951fb596803f579) Importer(815301076,1909f56bfc062723c751e8b465ee728b)
Start importing Assets/Resources/common/HelperFunctions.hlsl using Guid(167b33ee990622e45951fb596803f579) Importer(815301076,1909f56bfc062723c751e8b465ee728b) (PreviewImporter) -> (artifact id: 'a45eb7872bc811880dfc704faee3aef8') in 0.0205529 seconds
Number of updated asset objects reloaded before import = 0Number of asset objects unloaded after import = 1

========================================================================
Received Import Request.
  Time since last request: 0.720631 seconds.
  path: Assets/Resources/common/Random.hlsl
  artifactKey: Guid(6d6faa2e0cf1bf8498cc4c2c78cea7bb) Importer(815301076,1909f56bfc062723c751e8b465ee728b)
Start importing Assets/Resources/common/Random.hlsl using Guid(6d6faa2e0cf1bf8498cc4c2c78cea7bb) Importer(815301076,1909f56bfc062723c751e8b465ee728b) (PreviewImporter) -> (artifact id: '3e5c2b41a7a2d5b4e8bb12fcb8ddef2c') in 0.0018333 seconds
Number of updated asset objects reloaded before import = 0Number of asset objects unloaded after import = 1

========================================================================
Received Import Request.
  Time since last request: 3.013870 seconds.
  path: Assets/Rt8metal.shader
  artifactKey: Guid(3dfd7edb2d353a7428fdc2452365a471) Importer(815301076,1909f56bfc062723c751e8b465ee728b)
Start importing Assets/Rt8metal.shader using Guid(3dfd7edb2d353a7428fdc2452365a471) Importer(815301076,1909f56bfc062723c751e8b465ee728b) (PreviewImporter) -> (artifact id: '8427d48872a588f9dacb43435d36e994') in 0.0056906 seconds
Number of updated asset objects reloaded before import = 0Number of asset objects unloaded after import = 1

========================================================================
Received Import Request.
  Time since last request: 38.054375 seconds.
  path: Assets/Rt8metal.shader
  artifactKey: Guid(3dfd7edb2d353a7428fdc2452365a471) Importer(815301076,1909f56bfc062723c751e8b465ee728b)
Start importing Assets/Rt8metal.shader using Guid(3dfd7edb2d353a7428fdc2452365a471) Importer(815301076,1909f56bfc062723c751e8b465ee728b) (PreviewImporter) -> (artifact id: '56de1b404088ea7a408fa6ef6c201b8a') in 0.0015349 seconds
Number of updated asset objects reloaded before import = 0Number of asset objects unloaded after import = 1

========================================================================
Received Import Request.
  Time since last request: 214.532015 seconds.
  path: Assets/kd.shader
  artifactKey: Guid(ee2b9d2d77fbf3a40ba7ad7c3a6ad19d) Importer(815301076,1909f56bfc062723c751e8b465ee728b)
Start importing Assets/kd.shader using Guid(ee2b9d2d77fbf3a40ba7ad7c3a6ad19d) Importer(815301076,1909f56bfc062723c751e8b465ee728b) (PreviewImporter) -> (artifact id: 'ab499dc66b1e778ffd584a84401c858d') in 0.0023572 seconds
Number of updated asset objects reloaded before import = 0Number of asset objects unloaded after import = 1

========================================================================
Received Import Request.
  Time since last request: 29.862877 seconds.
  path: Assets/Rt8metal.shader
  artifactKey: Guid(3dfd7edb2d353a7428fdc2452365a471) Importer(815301076,1909f56bfc062723c751e8b465ee728b)
Start importing Assets/Rt8metal.shader using Guid(3dfd7edb2d353a7428fdc2452365a471) Importer(815301076,1909f56bfc062723c751e8b465ee728b) (PreviewImporter) -> (artifact id: '9237f14093acddcad9a0a28f61013046') in 0.0023488 seconds
Number of updated asset objects reloaded before import = 0Number of asset objects unloaded after import = 1

========================================================================
Received Import Request.
  Time since last request: 9.300465 seconds.
  path: Assets/Rt8metal.shader
  artifactKey: Guid(3dfd7edb2d353a7428fdc2452365a471) Importer(815301076,1909f56bfc062723c751e8b465ee728b)
Start importing Assets/Rt8metal.shader using Guid(3dfd7edb2d353a7428fdc2452365a471) Importer(815301076,1909f56bfc062723c751e8b465ee728b) (PreviewImporter) -> (artifact id: '872036fe7dc0cd6ff42ec943efdd3ac5') in 0.002209 seconds
Number of updated asset objects reloaded before import = 0Number of asset objects unloaded after import = 1

========================================================================
Received Import Request.
  Time since last request: 658.688923 seconds.
  path: Assets/kd.shader
  artifactKey: Guid(ee2b9d2d77fbf3a40ba7ad7c3a6ad19d) Importer(815301076,1909f56bfc062723c751e8b465ee728b)
Start importing Assets/kd.shader using Guid(ee2b9d2d77fbf3a40ba7ad7c3a6ad19d) Importer(815301076,1909f56bfc062723c751e8b465ee728b) (PreviewImporter) -> (artifact id: '511a6735517a5b7323f81f8ba92d3c40') in 0.0040501 seconds
Number of updated asset objects reloaded before import = 0Number of asset objects unloaded after import = 1

========================================================================
Received Import Request.
  Time since last request: 9.936994 seconds.
  path: Assets/Rt8metal.shader
  artifactKey: Guid(3dfd7edb2d353a7428fdc2452365a471) Importer(815301076,1909f56bfc062723c751e8b465ee728b)
Start importing Assets/Rt8metal.shader using Guid(3dfd7edb2d353a7428fdc2452365a471) Importer(815301076,1909f56bfc062723c751e8b465ee728b) (PreviewImporter) -> (artifact id: '8516936161c33f13cf7fa314415defaa') in 0.0014986 seconds
Number of updated asset objects reloaded before import = 0Number of asset objects unloaded after import = 1

========================================================================
Received Import Request.
  Time since last request: 73.797483 seconds.
  path: Assets/kd.shader
  artifactKey: Guid(ee2b9d2d77fbf3a40ba7ad7c3a6ad19d) Importer(815301076,1909f56bfc062723c751e8b465ee728b)
Start importing Assets/kd.shader using Guid(ee2b9d2d77fbf3a40ba7ad7c3a6ad19d) Importer(815301076,1909f56bfc062723c751e8b465ee728b) (PreviewImporter) -> (artifact id: '6548c86dc749f347d931fffc622af983') in 0.0024745 seconds
Number of updated asset objects reloaded before import = 0Number of asset objects unloaded after import = 1

========================================================================
Received Import Request.
  Time since last request: 10.503803 seconds.
  path: Assets/kd.shader
  artifactKey: Guid(ee2b9d2d77fbf3a40ba7ad7c3a6ad19d) Importer(815301076,1909f56bfc062723c751e8b465ee728b)
Start importing Assets/kd.shader using Guid(ee2b9d2d77fbf3a40ba7ad7c3a6ad19d) Importer(815301076,1909f56bfc062723c751e8b465ee728b) (PreviewImporter) -> (artifact id: '8680b1bd4db3f2fcbe3e9517acf43492') in 0.0041333 seconds
Number of updated asset objects reloaded before import = 0Number of asset objects unloaded after import = 1

========================================================================
Received Import Request.
  Time since last request: 22.738970 seconds.
  path: Assets/kd.shader
  artifactKey: Guid(ee2b9d2d77fbf3a40ba7ad7c3a6ad19d) Importer(815301076,1909f56bfc062723c751e8b465ee728b)
Start importing Assets/kd.shader using Guid(ee2b9d2d77fbf3a40ba7ad7c3a6ad19d) Importer(815301076,1909f56bfc062723c751e8b465ee728b) (PreviewImporter) -> (artifact id: '4250ee51e629e1d9504938c91c639d24') in 0.0034874 seconds
Number of updated asset objects reloaded before import = 0Number of asset objects unloaded after import = 1

========================================================================
Received Import Request.
  Time since last request: 114.018966 seconds.
  path: Assets/kd.shader
  artifactKey: Guid(ee2b9d2d77fbf3a40ba7ad7c3a6ad19d) Importer(815301076,1909f56bfc062723c751e8b465ee728b)
Start importing Assets/kd.shader using Guid(ee2b9d2d77fbf3a40ba7ad7c3a6ad19d) Importer(815301076,1909f56bfc062723c751e8b465ee728b) (PreviewImporter) -> (artifact id: 'bdb7adeb5da9cdc82d7a119729bc7ab1') in 0.0036979 seconds
Number of updated asset objects reloaded before import = 0Number of asset objects unloaded after import = 1

========================================================================
Received Import Request.
  Time since last request: 23.285277 seconds.
  path: Assets/kd.shader
  artifactKey: Guid(ee2b9d2d77fbf3a40ba7ad7c3a6ad19d) Importer(815301076,1909f56bfc062723c751e8b465ee728b)
Start importing Assets/kd.shader using Guid(ee2b9d2d77fbf3a40ba7ad7c3a6ad19d) Importer(815301076,1909f56bfc062723c751e8b465ee728b) (PreviewImporter) -> (artifact id: 'a834b35bb86bd7430dcd30f3354dd234') in 0.0012294 seconds
Number of updated asset objects reloaded before import = 0Number of asset objects unloaded after import = 1

========================================================================
Received Import Request.
  Time since last request: 36.223135 seconds.
  path: Assets/kd.shader
  artifactKey: Guid(ee2b9d2d77fbf3a40ba7ad7c3a6ad19d) Importer(815301076,1909f56bfc062723c751e8b465ee728b)
Start importing Assets/kd.shader using Guid(ee2b9d2d77fbf3a40ba7ad7c3a6ad19d) Importer(815301076,1909f56bfc062723c751e8b465ee728b) (PreviewImporter) -> (artifact id: 'e16c54bc9c4359818693b255d8750d53') in 0.0013012 seconds
Number of updated asset objects reloaded before import = 0Number of asset objects unloaded after import = 1

========================================================================
Received Import Request.
  Time since last request: 16.201724 seconds.
  path: Assets/kd.shader
  artifactKey: Guid(ee2b9d2d77fbf3a40ba7ad7c3a6ad19d) Importer(815301076,1909f56bfc062723c751e8b465ee728b)
Start importing Assets/kd.shader using Guid(ee2b9d2d77fbf3a40ba7ad7c3a6ad19d) Importer(815301076,1909f56bfc062723c751e8b465ee728b) (PreviewImporter) -> (artifact id: '6fa17c63ce2b10fc1582c6d189b6eea3') in 0.0012478 seconds
Number of updated asset objects reloaded before import = 0Number of asset objects unloaded after import = 1

========================================================================
Received Import Request.
  Time since last request: 132.882984 seconds.
  path: Assets/Rt8metal.shader
  artifactKey: Guid(3dfd7edb2d353a7428fdc2452365a471) Importer(815301076,1909f56bfc062723c751e8b465ee728b)
Start importing Assets/Rt8metal.shader using Guid(3dfd7edb2d353a7428fdc2452365a471) Importer(815301076,1909f56bfc062723c751e8b465ee728b) (PreviewImporter) -> (artifact id: 'b37542f4905f6fcc10928487e78c17df') in 0.0029193 seconds
Number of updated asset objects reloaded before import = 0Number of asset objects unloaded after import = 1

========================================================================
Received Import Request.
  Time since last request: 12.188107 seconds.
  path: Assets/kd.shader
  artifactKey: Guid(ee2b9d2d77fbf3a40ba7ad7c3a6ad19d) Importer(815301076,1909f56bfc062723c751e8b465ee728b)
Start importing Assets/kd.shader using Guid(ee2b9d2d77fbf3a40ba7ad7c3a6ad19d) Importer(815301076,1909f56bfc062723c751e8b465ee728b) (PreviewImporter) -> (artifact id: '71136f881592f3079ec41c520447fd8b') in 0.0018012 seconds
Number of updated asset objects reloaded before import = 0Number of asset objects unloaded after import = 1

========================================================================
Received Import Request.
  Time since last request: 51.686766 seconds.
  path: Assets/kd.shader
  artifactKey: Guid(ee2b9d2d77fbf3a40ba7ad7c3a6ad19d) Importer(815301076,1909f56bfc062723c751e8b465ee728b)
Start importing Assets/kd.shader using Guid(ee2b9d2d77fbf3a40ba7ad7c3a6ad19d) Importer(815301076,1909f56bfc062723c751e8b465ee728b) (PreviewImporter) -> (artifact id: 'f2c9e99b877b7b5c340b12a678f5c290') in 0.0028957 seconds
Number of updated asset objects reloaded before import = 0Number of asset objects unloaded after import = 1

========================================================================
Received Import Request.
  Time since last request: 11.975938 seconds.
  path: Assets/kd.shader
  artifactKey: Guid(ee2b9d2d77fbf3a40ba7ad7c3a6ad19d) Importer(815301076,1909f56bfc062723c751e8b465ee728b)
Start importing Assets/kd.shader using Guid(ee2b9d2d77fbf3a40ba7ad7c3a6ad19d) Importer(815301076,1909f56bfc062723c751e8b465ee728b) (PreviewImporter) -> (artifact id: 'd45d92b02f02e503d8c57fdd20a7dd26') in 0.0013589 seconds
Number of updated asset objects reloaded before import = 0Number of asset objects unloaded after import = 1

========================================================================
Received Import Request.
  Time since last request: 65.856919 seconds.
  path: Assets/kd.shader
  artifactKey: Guid(ee2b9d2d77fbf3a40ba7ad7c3a6ad19d) Importer(815301076,1909f56bfc062723c751e8b465ee728b)
Start importing Assets/kd.shader using Guid(ee2b9d2d77fbf3a40ba7ad7c3a6ad19d) Importer(815301076,1909f56bfc062723c751e8b465ee728b) (PreviewImporter) -> (artifact id: 'c204694f9b7677ecd6dfd93e56392880') in 0.0035619 seconds
Number of updated asset objects reloaded before import = 0Number of asset objects unloaded after import = 1

========================================================================
Received Import Request.
  Time since last request: 455.373462 seconds.
  path: Assets/Rt8metal.shader
  artifactKey: Guid(3dfd7edb2d353a7428fdc2452365a471) Importer(815301076,1909f56bfc062723c751e8b465ee728b)
Start importing Assets/Rt8metal.shader using Guid(3dfd7edb2d353a7428fdc2452365a471) Importer(815301076,1909f56bfc062723c751e8b465ee728b) (PreviewImporter) -> (artifact id: 'b999ad429477cba6fe652e717e1ab0e9') in 0.0039994 seconds
Number of updated asset objects reloaded before import = 0Number of asset objects unloaded after import = 1

========================================================================
Received Import Request.
  Time since last request: 27.478697 seconds.
  path: Assets/kd.shader
  artifactKey: Guid(ee2b9d2d77fbf3a40ba7ad7c3a6ad19d) Importer(815301076,1909f56bfc062723c751e8b465ee728b)
Start importing Assets/kd.shader using Guid(ee2b9d2d77fbf3a40ba7ad7c3a6ad19d) Importer(815301076,1909f56bfc062723c751e8b465ee728b) (PreviewImporter) -> (artifact id: '8d7ef1d18e33007a4a8665335a63ecf5') in 0.0028784 seconds
Number of updated asset objects reloaded before import = 0Number of asset objects unloaded after import = 1

========================================================================
Received Import Request.
  Time since last request: 73.187930 seconds.
  path: Assets/Rt8metal 1.shader
  artifactKey: Guid(7f80d36799b9a6040a7b1ef05fa2654e) Importer(815301076,1909f56bfc062723c751e8b465ee728b)
Start importing Assets/Rt8metal 1.shader using Guid(7f80d36799b9a6040a7b1ef05fa2654e) Importer(815301076,1909f56bfc062723c751e8b465ee728b) (PreviewImporter) -> (artifact id: 'b09afd1667e53cbac54cee2d5d0af255') in 0.0018889 seconds
Number of updated asset objects reloaded before import = 0Number of asset objects unloaded after import = 1

========================================================================
Received Import Request.
  Time since last request: 7.537598 seconds.
  path: Assets/Rt8dielec.shader
  artifactKey: Guid(7f80d36799b9a6040a7b1ef05fa2654e) Importer(815301076,1909f56bfc062723c751e8b465ee728b)
Start importing Assets/Rt8dielec.shader using Guid(7f80d36799b9a6040a7b1ef05fa2654e) Importer(815301076,1909f56bfc062723c751e8b465ee728b) (PreviewImporter) -> (artifact id: 'a9bc55cb72e9234a50ac5d31f10fe850') in 0.0012308 seconds
Number of updated asset objects reloaded before import = 0Number of asset objects unloaded after import = 1

========================================================================
Received Import Request.
  Time since last request: 16.436152 seconds.
  path: Assets/Rt8dielectrics.shader
  artifactKey: Guid(7f80d36799b9a6040a7b1ef05fa2654e) Importer(815301076,1909f56bfc062723c751e8b465ee728b)
Start importing Assets/Rt8dielectrics.shader using Guid(7f80d36799b9a6040a7b1ef05fa2654e) Importer(815301076,1909f56bfc062723c751e8b465ee728b) (PreviewImporter) -> (artifact id: '1bd6b8774b9cded01fc838601ce2f4f7') in 0.0021934 seconds
Number of updated asset objects reloaded before import = 0Number of asset objects unloaded after import = 1

========================================================================
Received Import Request.
  Time since last request: 6.478762 seconds.
  path: Assets/Rt8metal.shader
  artifactKey: Guid(3dfd7edb2d353a7428fdc2452365a471) Importer(815301076,1909f56bfc062723c751e8b465ee728b)
Start importing Assets/Rt8metal.shader using Guid(3dfd7edb2d353a7428fdc2452365a471) Importer(815301076,1909f56bfc062723c751e8b465ee728b) (PreviewImporter) -> (artifact id: '886b72ef80f3096d14047136434d8d96') in 0.0011792 seconds
Number of updated asset objects reloaded before import = 0Number of asset objects unloaded after import = 1

========================================================================
Received Import Request.
  Time since last request: 4.659869 seconds.
  path: Assets/Rt8metal.shader
  artifactKey: Guid(3dfd7edb2d353a7428fdc2452365a471) Importer(815301076,1909f56bfc062723c751e8b465ee728b)
Start importing Assets/Rt8metal.shader using Guid(3dfd7edb2d353a7428fdc2452365a471) Importer(815301076,1909f56bfc062723c751e8b465ee728b) (PreviewImporter) -> (artifact id: '949880841b52ecccc97cb95d177b3763') in 0.0011364 seconds
Number of updated asset objects reloaded before import = 0Number of asset objects unloaded after import = 1

========================================================================
Received Import Request.
  Time since last request: 2.308353 seconds.
  path: Assets/Rt8dielectrics.shader
  artifactKey: Guid(7f80d36799b9a6040a7b1ef05fa2654e) Importer(815301076,1909f56bfc062723c751e8b465ee728b)
Start importing Assets/Rt8dielectrics.shader using Guid(7f80d36799b9a6040a7b1ef05fa2654e) Importer(815301076,1909f56bfc062723c751e8b465ee728b) (PreviewImporter) -> (artifact id: 'a3ebd9e13e21f5fdcc5073b62ae5bdad') in 0.0014216 seconds
Number of updated asset objects reloaded before import = 0Number of asset objects unloaded after import = 1

========================================================================
Received Import Request.
  Time since last request: 5.242613 seconds.
  path: Assets/Rt9dielectrics.shader
  artifactKey: Guid(7f80d36799b9a6040a7b1ef05fa2654e) Importer(815301076,1909f56bfc062723c751e8b465ee728b)
Start importing Assets/Rt9dielectrics.shader using Guid(7f80d36799b9a6040a7b1ef05fa2654e) Importer(815301076,1909f56bfc062723c751e8b465ee728b) (PreviewImporter) -> (artifact id: '6bbe3913da47b0b46800c9eefd550027') in 0.0012395 seconds
Number of updated asset objects reloaded before import = 0Number of asset objects unloaded after import = 1

========================================================================
Received Import Request.
  Time since last request: 6.729605 seconds.
  path: Assets/Rt9dielectrics.shader
  artifactKey: Guid(7f80d36799b9a6040a7b1ef05fa2654e) Importer(815301076,1909f56bfc062723c751e8b465ee728b)
Start importing Assets/Rt9dielectrics.shader using Guid(7f80d36799b9a6040a7b1ef05fa2654e) Importer(815301076,1909f56bfc062723c751e8b465ee728b) (PreviewImporter) -> (artifact id: '7c491757ae9ec4978d633fc9501a64ef') in 0.0012338 seconds
Number of updated asset objects reloaded before import = 0Number of asset objects unloaded after import = 1

========================================================================
Received Import Request.
  Time since last request: 184.827409 seconds.
  path: Assets/Rt9dielectrics.shader
  artifactKey: Guid(7f80d36799b9a6040a7b1ef05fa2654e) Importer(815301076,1909f56bfc062723c751e8b465ee728b)
Start importing Assets/Rt9dielectrics.shader using Guid(7f80d36799b9a6040a7b1ef05fa2654e) Importer(815301076,1909f56bfc062723c751e8b465ee728b) (PreviewImporter) -> (artifact id: 'cb2d46264e4ba2bf6c272da4ef5e4246') in 0.0019653 seconds
Number of updated asset objects reloaded before import = 0Number of asset objects unloaded after import = 1

========================================================================
Received Import Request.
  Time since last request: 2617.528146 seconds.
  path: Assets/Rt9dielectrics.shader
  artifactKey: Guid(7f80d36799b9a6040a7b1ef05fa2654e) Importer(815301076,1909f56bfc062723c751e8b465ee728b)
Start importing Assets/Rt9dielectrics.shader using Guid(7f80d36799b9a6040a7b1ef05fa2654e) Importer(815301076,1909f56bfc062723c751e8b465ee728b) (PreviewImporter) -> (artifact id: 'c3252a7a13d0965da4c604e100f63c9e') in 0.0077125 seconds
Number of updated asset objects reloaded before import = 0Number of asset objects unloaded after import = 1

========================================================================
Received Import Request.
  Time since last request: 2.548022 seconds.
  path: Assets/Rt9dielectrics 1.shader
  artifactKey: Guid(3768ffaeeb6f99b46b480f04fc95abbf) Importer(815301076,1909f56bfc062723c751e8b465ee728b)
Start importing Assets/Rt9dielectrics 1.shader using Guid(3768ffaeeb6f99b46b480f04fc95abbf) Importer(815301076,1909f56bfc062723c751e8b465ee728b) (PreviewImporter) -> (artifact id: '20eb3b82bf8466301a6775cbc5108c02') in 0.0015929 seconds
Number of updated asset objects reloaded before import = 0Number of asset objects unloaded after import = 1

========================================================================
Received Import Request.
  Time since last request: 17.938252 seconds.
  path: Assets/Rt10movecamera.shader
  artifactKey: Guid(3768ffaeeb6f99b46b480f04fc95abbf) Importer(815301076,1909f56bfc062723c751e8b465ee728b)
Start importing Assets/Rt10movecamera.shader using Guid(3768ffaeeb6f99b46b480f04fc95abbf) Importer(815301076,1909f56bfc062723c751e8b465ee728b) (PreviewImporter) -> (artifact id: '332ab0b33b951286fc3ee63fda04b3fc') in 0.0020547 seconds
Number of updated asset objects reloaded before import = 0Number of asset objects unloaded after import = 1

========================================================================
Received Import Request.
  Time since last request: 11.846546 seconds.
  path: Assets/Rt8metal.shader
  artifactKey: Guid(3dfd7edb2d353a7428fdc2452365a471) Importer(815301076,1909f56bfc062723c751e8b465ee728b)
Start importing Assets/Rt8metal.shader using Guid(3dfd7edb2d353a7428fdc2452365a471) Importer(815301076,1909f56bfc062723c751e8b465ee728b) (PreviewImporter) -> (artifact id: '8c2045d5802d462594a97a657cfe2671') in 0.001153 seconds
Number of updated asset objects reloaded before import = 0Number of asset objects unloaded after import = 1

========================================================================
Received Import Request.
  Time since last request: 584.199218 seconds.
  path: Assets/Rt9dielectrics.shader
  artifactKey: Guid(7f80d36799b9a6040a7b1ef05fa2654e) Importer(815301076,1909f56bfc062723c751e8b465ee728b)
Start importing Assets/Rt9dielectrics.shader using Guid(7f80d36799b9a6040a7b1ef05fa2654e) Importer(815301076,1909f56bfc062723c751e8b465ee728b) (PreviewImporter) -> (artifact id: '9d3179e85c545c75b79cdf949477f4c4') in 0.0032304 seconds
Number of updated asset objects reloaded before import = 0Number of asset objects unloaded after import = 1

========================================================================
Received Import Request.
  Time since last request: 132.704275 seconds.
  path: Assets/Rt10movecamera.shader
  artifactKey: Guid(3768ffaeeb6f99b46b480f04fc95abbf) Importer(815301076,1909f56bfc062723c751e8b465ee728b)
Start importing Assets/Rt10movecamera.shader using Guid(3768ffaeeb6f99b46b480f04fc95abbf) Importer(815301076,1909f56bfc062723c751e8b465ee728b) (PreviewImporter) -> (artifact id: 'af4bf0bce954ffb33274ea15ca7ba86e') in 0.0020694 seconds
Number of updated asset objects reloaded before import = 0Number of asset objects unloaded after import = 1

========================================================================
Received Import Request.
  Time since last request: 56.715887 seconds.
  path: Assets/Rt10movecamera.shader
  artifactKey: Guid(3768ffaeeb6f99b46b480f04fc95abbf) Importer(815301076,1909f56bfc062723c751e8b465ee728b)
Start importing Assets/Rt10movecamera.shader using Guid(3768ffaeeb6f99b46b480f04fc95abbf) Importer(815301076,1909f56bfc062723c751e8b465ee728b) (PreviewImporter) -> (artifact id: '49d067e8f18825c3e9b3a11b05ad2599') in 0.0013167 seconds
Number of updated asset objects reloaded before import = 0Number of asset objects unloaded after import = 1

========================================================================
Received Import Request.
  Time since last request: 25.079102 seconds.
  path: Assets/Rt10movecamera.shader
  artifactKey: Guid(3768ffaeeb6f99b46b480f04fc95abbf) Importer(815301076,1909f56bfc062723c751e8b465ee728b)
Start importing Assets/Rt10movecamera.shader using Guid(3768ffaeeb6f99b46b480f04fc95abbf) Importer(815301076,1909f56bfc062723c751e8b465ee728b) (PreviewImporter) -> (artifact id: '63107f2bb6468c07a42038d1de728675') in 0.0012356 seconds
Number of updated asset objects reloaded before import = 0Number of asset objects unloaded after import = 1

========================================================================
Received Import Request.
  Time since last request: 70.363540 seconds.
  path: Assets/Rt10movecamera.shader
  artifactKey: Guid(3768ffaeeb6f99b46b480f04fc95abbf) Importer(815301076,1909f56bfc062723c751e8b465ee728b)
Start importing Assets/Rt10movecamera.shader using Guid(3768ffaeeb6f99b46b480f04fc95abbf) Importer(815301076,1909f56bfc062723c751e8b465ee728b) (PreviewImporter) -> (artifact id: 'f9f099e3935a289aed1b75bb29ca91b2') in 0.0013213 seconds
Number of updated asset objects reloaded before import = 0Number of asset objects unloaded after import = 1

========================================================================
Received Import Request.
  Time since last request: 341.145292 seconds.
  path: Assets/Rt10movecamera.shader
  artifactKey: Guid(3768ffaeeb6f99b46b480f04fc95abbf) Importer(815301076,1909f56bfc062723c751e8b465ee728b)
Start importing Assets/Rt10movecamera.shader using Guid(3768ffaeeb6f99b46b480f04fc95abbf) Importer(815301076,1909f56bfc062723c751e8b465ee728b) (PreviewImporter) -> (artifact id: '8504dd3b546df54dd6243ec09744ed6b') in 0.0020247 seconds
Number of updated asset objects reloaded before import = 0Number of asset objects unloaded after import = 1

========================================================================
Received Import Request.
  Time since last request: 69.817261 seconds.
  path: Assets/Rt10movecamera.shader
  artifactKey: Guid(3768ffaeeb6f99b46b480f04fc95abbf) Importer(815301076,1909f56bfc062723c751e8b465ee728b)
Start importing Assets/Rt10movecamera.shader using Guid(3768ffaeeb6f99b46b480f04fc95abbf) Importer(815301076,1909f56bfc062723c751e8b465ee728b) (PreviewImporter) -> (artifact id: '02500d4f91543343c53a858f0f4ee8b1') in 0.0016148 seconds
Number of updated asset objects reloaded before import = 0Number of asset objects unloaded after import = 1

========================================================================
Received Import Request.
  Time since last request: 27.192695 seconds.
  path: Assets/Rt10movecamera.shader
  artifactKey: Guid(3768ffaeeb6f99b46b480f04fc95abbf) Importer(815301076,1909f56bfc062723c751e8b465ee728b)
Start importing Assets/Rt10movecamera.shader using Guid(3768ffaeeb6f99b46b480f04fc95abbf) Importer(815301076,1909f56bfc062723c751e8b465ee728b) (PreviewImporter) -> (artifact id: '0481a5e1977716bad484720fd7950f65') in 0.0014519 seconds
Number of updated asset objects reloaded before import = 0Number of asset objects unloaded after import = 1

========================================================================
Received Import Request.
  Time since last request: 459.659260 seconds.
  path: Assets/Rt10movecamera.shader
  artifactKey: Guid(3768ffaeeb6f99b46b480f04fc95abbf) Importer(815301076,1909f56bfc062723c751e8b465ee728b)
Start importing Assets/Rt10movecamera.shader using Guid(3768ffaeeb6f99b46b480f04fc95abbf) Importer(815301076,1909f56bfc062723c751e8b465ee728b) (PreviewImporter) -> (artifact id: '7e161bd5fefe2441f353a71647c122f6') in 0.002153 seconds
Number of updated asset objects reloaded before import = 0Number of asset objects unloaded after import = 1

========================================================================
Received Import Request.
  Time since last request: 17.168864 seconds.
  path: Assets/Rt10movecamera.shader
  artifactKey: Guid(3768ffaeeb6f99b46b480f04fc95abbf) Importer(815301076,1909f56bfc062723c751e8b465ee728b)
Start importing Assets/Rt10movecamera.shader using Guid(3768ffaeeb6f99b46b480f04fc95abbf) Importer(815301076,1909f56bfc062723c751e8b465ee728b) (PreviewImporter) -> (artifact id: 'd25ac5d23d33f9aa9dfcda9915d4b578') in 0.0021329 seconds
Number of updated asset objects reloaded before import = 0Number of asset objects unloaded after import = 1

========================================================================
Received Import Request.
  Time since last request: 38.730843 seconds.
  path: Assets/Rt10movecamera.shader
  artifactKey: Guid(3768ffaeeb6f99b46b480f04fc95abbf) Importer(815301076,1909f56bfc062723c751e8b465ee728b)
Start importing Assets/Rt10movecamera.shader using Guid(3768ffaeeb6f99b46b480f04fc95abbf) Importer(815301076,1909f56bfc062723c751e8b465ee728b) (PreviewImporter) -> (artifact id: '0fb4a1ff95cf6d64a4fd860d990d3b1b') in 0.0011744 seconds
Number of updated asset objects reloaded before import = 0Number of asset objects unloaded after import = 1

========================================================================
Received Import Request.
  Time since last request: 1202.595529 seconds.
  path: Assets/Rt10movecamera.shader
  artifactKey: Guid(3768ffaeeb6f99b46b480f04fc95abbf) Importer(815301076,1909f56bfc062723c751e8b465ee728b)
Start importing Assets/Rt10movecamera.shader using Guid(3768ffaeeb6f99b46b480f04fc95abbf) Importer(815301076,1909f56bfc062723c751e8b465ee728b) (PreviewImporter) -> (artifact id: '03007841bd31cd8d22c55f5cf3316b1e') in 0.0016387 seconds
Number of updated asset objects reloaded before import = 0Number of asset objects unloaded after import = 1

========================================================================
Received Import Request.
  Time since last request: 1.355658 seconds.
  path: Assets/Rt10movecamera 1.shader
  artifactKey: Guid(a8c98b5a830d991478994125397a7944) Importer(815301076,1909f56bfc062723c751e8b465ee728b)
Start importing Assets/Rt10movecamera 1.shader using Guid(a8c98b5a830d991478994125397a7944) Importer(815301076,1909f56bfc062723c751e8b465ee728b) (PreviewImporter) -> (artifact id: '8eee69f45399d6e2fa395718a5196a2b') in 0.0012674 seconds
Number of updated asset objects reloaded before import = 0Number of asset objects unloaded after import = 1

========================================================================
Received Import Request.
  Time since last request: 5.672711 seconds.
  path: Assets/Rt10movecamera 1.shader
  artifactKey: Guid(a8c98b5a830d991478994125397a7944) Importer(815301076,1909f56bfc062723c751e8b465ee728b)
Start importing Assets/Rt10movecamera 1.shader using Guid(a8c98b5a830d991478994125397a7944) Importer(815301076,1909f56bfc062723c751e8b465ee728b) (PreviewImporter) -> (artifact id: '198aa8951b981ae4f2acb76d96c75a89') in 0.0016582 seconds
Number of updated asset objects reloaded before import = 0Number of asset objects unloaded after import = 1

========================================================================
Received Import Request.
  Time since last request: 11.359191 seconds.
  path: Assets/Rt10movecamera 1.shader
  artifactKey: Guid(a8c98b5a830d991478994125397a7944) Importer(815301076,1909f56bfc062723c751e8b465ee728b)
Start importing Assets/Rt10movecamera 1.shader using Guid(a8c98b5a830d991478994125397a7944) Importer(815301076,1909f56bfc062723c751e8b465ee728b) (PreviewImporter) -> (artifact id: 'ee062e8b55a2878751db3dbfeec9d458') in 0.0016973 seconds
Number of updated asset objects reloaded before import = 0Number of asset objects unloaded after import = 1

========================================================================
Received Import Request.
  Time since last request: 116.545851 seconds.
  path: Assets/Rt10movecamera.shader
  artifactKey: Guid(3768ffaeeb6f99b46b480f04fc95abbf) Importer(815301076,1909f56bfc062723c751e8b465ee728b)
Start importing Assets/Rt10movecamera.shader using Guid(3768ffaeeb6f99b46b480f04fc95abbf) Importer(815301076,1909f56bfc062723c751e8b465ee728b) (PreviewImporter) -> (artifact id: 'c09ede6c646f225e0598eb44a2d2bf18') in 0.0025819 seconds
Number of updated asset objects reloaded before import = 0Number of asset objects unloaded after import = 1

========================================================================
Received Import Request.
  Time since last request: 751.721987 seconds.
  path: Assets/Rt10movecamera.shader
  artifactKey: Guid(3768ffaeeb6f99b46b480f04fc95abbf) Importer(815301076,1909f56bfc062723c751e8b465ee728b)
Start importing Assets/Rt10movecamera.shader using Guid(3768ffaeeb6f99b46b480f04fc95abbf) Importer(815301076,1909f56bfc062723c751e8b465ee728b) (PreviewImporter) -> (artifact id: '134d5283396e787b7a9a452aea012dd2') in 0.0024913 seconds
Number of updated asset objects reloaded before import = 0Number of asset objects unloaded after import = 1

========================================================================
Received Import Request.
  Time since last request: 515.189955 seconds.
  path: Assets/Rt10movecamera 1.shader
  artifactKey: Guid(a8c98b5a830d991478994125397a7944) Importer(815301076,1909f56bfc062723c751e8b465ee728b)
Start importing Assets/Rt10movecamera 1.shader using Guid(a8c98b5a830d991478994125397a7944) Importer(815301076,1909f56bfc062723c751e8b465ee728b) (PreviewImporter) -> (artifact id: 'bfd869872104f363ac91a0c013601b3f') in 0.0033128 seconds
Number of updated asset objects reloaded before import = 0Number of asset objects unloaded after import = 1

========================================================================
Received Import Request.
  Time since last request: 231.568614 seconds.
  path: Assets/Rt10movecamera.shader
  artifactKey: Guid(3768ffaeeb6f99b46b480f04fc95abbf) Importer(815301076,1909f56bfc062723c751e8b465ee728b)
Start importing Assets/Rt10movecamera.shader using Guid(3768ffaeeb6f99b46b480f04fc95abbf) Importer(815301076,1909f56bfc062723c751e8b465ee728b) (PreviewImporter) -> (artifact id: '304f762dbb1fae5bc588754ecc74b495') in 0.0029447 seconds
Number of updated asset objects reloaded before import = 0Number of asset objects unloaded after import = 1

========================================================================
Received Import Request.
  Time since last request: 825.668294 seconds.
  path: Assets/Rt10movecamera.shader
  artifactKey: Guid(3768ffaeeb6f99b46b480f04fc95abbf) Importer(815301076,1909f56bfc062723c751e8b465ee728b)
Start importing Assets/Rt10movecamera.shader using Guid(3768ffaeeb6f99b46b480f04fc95abbf) Importer(815301076,1909f56bfc062723c751e8b465ee728b) (PreviewImporter) -> (artifact id: 'b3e9f7ca6c3b0700f788b9a9bb4c6db6') in 0.0019931 seconds
Number of updated asset objects reloaded before import = 0Number of asset objects unloaded after import = 1

========================================================================
Received Import Request.
  Time since last request: 222.110191 seconds.
  path: Assets/Rt10movecamera 1.shader
  artifactKey: Guid(a8c98b5a830d991478994125397a7944) Importer(815301076,1909f56bfc062723c751e8b465ee728b)
Start importing Assets/Rt10movecamera 1.shader using Guid(a8c98b5a830d991478994125397a7944) Importer(815301076,1909f56bfc062723c751e8b465ee728b) (PreviewImporter) -> (artifact id: '7b4c17a076bf9ecc9e29a7ab6f66760e') in 0.0015167 seconds
Number of updated asset objects reloaded before import = 0Number of asset objects unloaded after import = 1

========================================================================
Received Import Request.
  Time since last request: 1213.831350 seconds.
  path: Assets/Rt10movecamera.shader
  artifactKey: Guid(3768ffaeeb6f99b46b480f04fc95abbf) Importer(815301076,1909f56bfc062723c751e8b465ee728b)
Start importing Assets/Rt10movecamera.shader using Guid(3768ffaeeb6f99b46b480f04fc95abbf) Importer(815301076,1909f56bfc062723c751e8b465ee728b) (PreviewImporter) -> (artifact id: '60d14a270ecf5b16352c6eeb04d98fe3') in 0.0019002 seconds
Number of updated asset objects reloaded before import = 0Number of asset objects unloaded after import = 1

========================================================================
Received Import Request.
  Time since last request: 509.348749 seconds.
  path: Assets/Rt10movecamera.shader
  artifactKey: Guid(3768ffaeeb6f99b46b480f04fc95abbf) Importer(815301076,1909f56bfc062723c751e8b465ee728b)
Start importing Assets/Rt10movecamera.shader using Guid(3768ffaeeb6f99b46b480f04fc95abbf) Importer(815301076,1909f56bfc062723c751e8b465ee728b) (PreviewImporter) -> (artifact id: 'd51012e4080195521ad41dddf3cb18f6') in 0.0017929 seconds
Number of updated asset objects reloaded before import = 0Number of asset objects unloaded after import = 1

========================================================================
Received Import Request.
  Time since last request: 1.545761 seconds.
  path: Assets/Rt10movecamera 2.shader
  artifactKey: Guid(6aba4d2e9dfa9fd48877a19e4bff7fe8) Importer(815301076,1909f56bfc062723c751e8b465ee728b)
Start importing Assets/Rt10movecamera 2.shader using Guid(6aba4d2e9dfa9fd48877a19e4bff7fe8) Importer(815301076,1909f56bfc062723c751e8b465ee728b) (PreviewImporter) -> (artifact id: '1148b62900fcf0645c37f2f2968bb20e') in 0.0013891 seconds
Number of updated asset objects reloaded before import = 0Number of asset objects unloaded after import = 1

========================================================================
Received Import Request.
  Time since last request: 6.942399 seconds.
  path: Assets/Rt10movecamera 2.shader
  artifactKey: Guid(6aba4d2e9dfa9fd48877a19e4bff7fe8) Importer(815301076,1909f56bfc062723c751e8b465ee728b)
Start importing Assets/Rt10movecamera 2.shader using Guid(6aba4d2e9dfa9fd48877a19e4bff7fe8) Importer(815301076,1909f56bfc062723c751e8b465ee728b) (PreviewImporter) -> (artifact id: '08513d5c0198925ff0cb2b06c065d2bb') in 0.0019846 seconds
Number of updated asset objects reloaded before import = 0Number of asset objects unloaded after import = 1

========================================================================
Received Import Request.
  Time since last request: 56.466924 seconds.
  path: Assets/Rt10movecamera 2.shader
  artifactKey: Guid(6aba4d2e9dfa9fd48877a19e4bff7fe8) Importer(815301076,1909f56bfc062723c751e8b465ee728b)
Start importing Assets/Rt10movecamera 2.shader using Guid(6aba4d2e9dfa9fd48877a19e4bff7fe8) Importer(815301076,1909f56bfc062723c751e8b465ee728b) (PreviewImporter) -> (artifact id: '718ffd22ed0df53bff64ec92e864af6f') in 0.0030757 seconds
Number of updated asset objects reloaded before import = 0Number of asset objects unloaded after import = 1

========================================================================
Received Import Request.
  Time since last request: 151.466269 seconds.
  path: Assets/Rt10movecamera 2.shader
  artifactKey: Guid(6aba4d2e9dfa9fd48877a19e4bff7fe8) Importer(815301076,1909f56bfc062723c751e8b465ee728b)
Start importing Assets/Rt10movecamera 2.shader using Guid(6aba4d2e9dfa9fd48877a19e4bff7fe8) Importer(815301076,1909f56bfc062723c751e8b465ee728b) (PreviewImporter) -> (artifact id: '5f2e8dc3903dd75f3a0a9772232ca837') in 0.0032458 seconds
Number of updated asset objects reloaded before import = 0Number of asset objects unloaded after import = 1

========================================================================
Received Import Request.
  Time since last request: 1029.474045 seconds.
  path: Assets/Rt10movecamera 2.shader
  artifactKey: Guid(6aba4d2e9dfa9fd48877a19e4bff7fe8) Importer(815301076,1909f56bfc062723c751e8b465ee728b)
Start importing Assets/Rt10movecamera 2.shader using Guid(6aba4d2e9dfa9fd48877a19e4bff7fe8) Importer(815301076,1909f56bfc062723c751e8b465ee728b) (PreviewImporter) -> (artifact id: '57704cd8d1fc2e1ef7415d54e423eac3') in 0.0033301 seconds
Number of updated asset objects reloaded before import = 0Number of asset objects unloaded after import = 1

========================================================================
Received Import Request.
  Time since last request: 373.690451 seconds.
  path: Assets/Rt10movecamera 2.shader
  artifactKey: Guid(6aba4d2e9dfa9fd48877a19e4bff7fe8) Importer(815301076,1909f56bfc062723c751e8b465ee728b)
Start importing Assets/Rt10movecamera 2.shader using Guid(6aba4d2e9dfa9fd48877a19e4bff7fe8) Importer(815301076,1909f56bfc062723c751e8b465ee728b) (PreviewImporter) -> (artifact id: '57baf2fc317fc645b571c7ac621ab50b') in 0.0019547 seconds
Number of updated asset objects reloaded before import = 0Number of asset objects unloaded after import = 1

========================================================================
Received Import Request.
  Time since last request: 1.013753 seconds.
  path: Assets/Rt10movecamera.shader
  artifactKey: Guid(3768ffaeeb6f99b46b480f04fc95abbf) Importer(815301076,1909f56bfc062723c751e8b465ee728b)
Start importing Assets/Rt10movecamera.shader using Guid(3768ffaeeb6f99b46b480f04fc95abbf) Importer(815301076,1909f56bfc062723c751e8b465ee728b) (PreviewImporter) -> (artifact id: '3323c99dcd562c8efb36fd79131ac33b') in 0.0013451 seconds
Number of updated asset objects reloaded before import = 0Number of asset objects unloaded after import = 1

========================================================================
Received Import Request.
  Time since last request: 63.067189 seconds.
  path: Assets/Rt10movecamera 2.shader
  artifactKey: Guid(6aba4d2e9dfa9fd48877a19e4bff7fe8) Importer(815301076,1909f56bfc062723c751e8b465ee728b)
Start importing Assets/Rt10movecamera 2.shader using Guid(6aba4d2e9dfa9fd48877a19e4bff7fe8) Importer(815301076,1909f56bfc062723c751e8b465ee728b) (PreviewImporter) -> (artifact id: '296a2c26535b8e374f55171604a787ac') in 0.0027034 seconds
Number of updated asset objects reloaded before import = 0Number of asset objects unloaded after import = 1

========================================================================
Received Import Request.
  Time since last request: 59.299401 seconds.
  path: Assets/Rt10movecamera.shader
  artifactKey: Guid(3768ffaeeb6f99b46b480f04fc95abbf) Importer(815301076,1909f56bfc062723c751e8b465ee728b)
Start importing Assets/Rt10movecamera.shader using Guid(3768ffaeeb6f99b46b480f04fc95abbf) Importer(815301076,1909f56bfc062723c751e8b465ee728b) (PreviewImporter) -> (artifact id: 'ed1ab922ba877362af80f066e603abc9') in 0.0025261 seconds
Number of updated asset objects reloaded before import = 0Number of asset objects unloaded after import = 1

========================================================================
Received Import Request.
  Time since last request: 230.754846 seconds.
  path: Assets/Rt0green.shader
  artifactKey: Guid(6630806745dd5144cb45fe09e4bdb033) Importer(815301076,1909f56bfc062723c751e8b465ee728b)
Start importing Assets/Rt0green.shader using Guid(6630806745dd5144cb45fe09e4bdb033) Importer(815301076,1909f56bfc062723c751e8b465ee728b) (PreviewImporter) -> (artifact id: '872cc55572814adb9980f09f1a25a487') in 0.0037709 seconds
Number of updated asset objects reloaded before import = 1Number of asset objects unloaded after import = 0

========================================================================
Received Import Request.
  Time since last request: 52.293413 seconds.
  path: Assets/Rt1redgreen.shader
  artifactKey: Guid(a72f071cbdeb06c499490613c8d126c7) Importer(815301076,1909f56bfc062723c751e8b465ee728b)
Start importing Assets/Rt1redgreen.shader using Guid(a72f071cbdeb06c499490613c8d126c7) Importer(815301076,1909f56bfc062723c751e8b465ee728b) (PreviewImporter) -> (artifact id: '2dcc0071b48549611dbdf76250f503ec') in 0.0030083 seconds
Number of updated asset objects reloaded before import = 1Number of asset objects unloaded after import = 0

========================================================================
Received Import Request.
  Time since last request: 45.765861 seconds.
  path: Assets/Rt2sky.shader
  artifactKey: Guid(d03fa3b2335e1c04986c6d7975871278) Importer(815301076,1909f56bfc062723c751e8b465ee728b)
Start importing Assets/Rt2sky.shader using Guid(d03fa3b2335e1c04986c6d7975871278) Importer(815301076,1909f56bfc062723c751e8b465ee728b) (PreviewImporter) -> (artifact id: '03d72ed4cbdc5abc97cae13543c097f9') in 0.001973 seconds
Number of updated asset objects reloaded before import = 1Number of asset objects unloaded after import = 0

========================================================================
Received Import Request.
  Time since last request: 55.380255 seconds.
  path: Assets/Rt3redcircle.shader
  artifactKey: Guid(4f748360cdec75142b9ca8c9adffeb3e) Importer(815301076,1909f56bfc062723c751e8b465ee728b)
Start importing Assets/Rt3redcircle.shader using Guid(4f748360cdec75142b9ca8c9adffeb3e) Importer(815301076,1909f56bfc062723c751e8b465ee728b) (PreviewImporter) -> (artifact id: '719892260331d9b22ffcf388847fb6f3') in 0.0019481 seconds
Number of updated asset objects reloaded before import = 1Number of asset objects unloaded after import = 0

========================================================================
Received Import Request.
  Time since last request: 62.022462 seconds.
  path: Assets/Rt4onesphere.shader
  artifactKey: Guid(0c3b4231bea7a4248a3e504cc330883b) Importer(815301076,1909f56bfc062723c751e8b465ee728b)
Start importing Assets/Rt4onesphere.shader using Guid(0c3b4231bea7a4248a3e504cc330883b) Importer(815301076,1909f56bfc062723c751e8b465ee728b) (PreviewImporter) -> (artifact id: 'fbb62672d91cde0020f19d2a9d7721ed') in 0.002441 seconds
Number of updated asset objects reloaded before import = 1Number of asset objects unloaded after import = 0

========================================================================
Received Import Request.
  Time since last request: 40.549167 seconds.
  path: Assets/Rt5twospheres.shader
  artifactKey: Guid(a5d27fbd22ebf7c46b5f0749faabf073) Importer(815301076,1909f56bfc062723c751e8b465ee728b)
Start importing Assets/Rt5twospheres.shader using Guid(a5d27fbd22ebf7c46b5f0749faabf073) Importer(815301076,1909f56bfc062723c751e8b465ee728b) (PreviewImporter) -> (artifact id: '0ec01cd99ab29599f26b518553f0b467') in 0.0018845 seconds
Number of updated asset objects reloaded before import = 1Number of asset objects unloaded after import = 0

========================================================================
Received Import Request.
  Time since last request: 112.563813 seconds.
  path: Assets/Rt6antialiasing.shader
  artifactKey: Guid(8ea44780ca70fd944bffa42558f84251) Importer(815301076,1909f56bfc062723c751e8b465ee728b)
Start importing Assets/Rt6antialiasing.shader using Guid(8ea44780ca70fd944bffa42558f84251) Importer(815301076,1909f56bfc062723c751e8b465ee728b) (PreviewImporter) -> (artifact id: '96d7ebe924c2984b6504f34967fbba74') in 0.0070134 seconds
Number of updated asset objects reloaded before import = 1Number of asset objects unloaded after import = 0

========================================================================
Received Import Request.
  Time since last request: 102.191204 seconds.
  path: Assets/Rt7diffuse.shader
  artifactKey: Guid(393d6c72ffd7cc94ca2e6cebad199922) Importer(815301076,1909f56bfc062723c751e8b465ee728b)
Start importing Assets/Rt7diffuse.shader using Guid(393d6c72ffd7cc94ca2e6cebad199922) Importer(815301076,1909f56bfc062723c751e8b465ee728b) (PreviewImporter) -> (artifact id: '9cdf68ae0f6e0203df35772a58f79b64') in 0.0010239 seconds
Number of updated asset objects reloaded before import = 1Number of asset objects unloaded after import = 0

========================================================================
Received Import Request.
  Time since last request: 78.695936 seconds.
  path: Assets/Rt7diffuse.shader
  artifactKey: Guid(393d6c72ffd7cc94ca2e6cebad199922) Importer(815301076,1909f56bfc062723c751e8b465ee728b)
Start importing Assets/Rt7diffuse.shader using Guid(393d6c72ffd7cc94ca2e6cebad199922) Importer(815301076,1909f56bfc062723c751e8b465ee728b) (PreviewImporter) -> (artifact id: '3689fd1ccb65f1bd440702cfa44adfa9') in 0.0008008 seconds
Number of updated asset objects reloaded before import = 1Number of asset objects unloaded after import = 0

========================================================================
Received Import Request.
  Time since last request: 6.441245 seconds.
  path: Assets/Rt7diffuse.shader
  artifactKey: Guid(393d6c72ffd7cc94ca2e6cebad199922) Importer(815301076,1909f56bfc062723c751e8b465ee728b)
Start importing Assets/Rt7diffuse.shader using Guid(393d6c72ffd7cc94ca2e6cebad199922) Importer(815301076,1909f56bfc062723c751e8b465ee728b) (PreviewImporter) -> (artifact id: '0c4f6ad21018ebafafd8a9ae1d1ad813') in 0.0008968 seconds
Number of updated asset objects reloaded before import = 1Number of asset objects unloaded after import = 0

========================================================================
Received Import Request.
  Time since last request: 62.712887 seconds.
  path: Assets/Rt8metal.shader
  artifactKey: Guid(3dfd7edb2d353a7428fdc2452365a471) Importer(815301076,1909f56bfc062723c751e8b465ee728b)
Start importing Assets/Rt8metal.shader using Guid(3dfd7edb2d353a7428fdc2452365a471) Importer(815301076,1909f56bfc062723c751e8b465ee728b) (PreviewImporter) -> (artifact id: '29839904d2c15e5ae7d896141809af07') in 0.0014865 seconds
Number of updated asset objects reloaded before import = 0Number of asset objects unloaded after import = 1

========================================================================
Received Import Request.
  Time since last request: 14.928505 seconds.
  path: Assets/Rt8metal.shader
  artifactKey: Guid(3dfd7edb2d353a7428fdc2452365a471) Importer(815301076,1909f56bfc062723c751e8b465ee728b)
Start importing Assets/Rt8metal.shader using Guid(3dfd7edb2d353a7428fdc2452365a471) Importer(815301076,1909f56bfc062723c751e8b465ee728b) (PreviewImporter) -> (artifact id: '253ff86a669662781187a895b35bdce6') in 0.0014156 seconds
Number of updated asset objects reloaded before import = 0Number of asset objects unloaded after import = 1

========================================================================
Received Import Request.
  Time since last request: 74.484253 seconds.
  path: Assets/Rt8metal.shader
  artifactKey: Guid(3dfd7edb2d353a7428fdc2452365a471) Importer(815301076,1909f56bfc062723c751e8b465ee728b)
Start importing Assets/Rt8metal.shader using Guid(3dfd7edb2d353a7428fdc2452365a471) Importer(815301076,1909f56bfc062723c751e8b465ee728b) (PreviewImporter) -> (artifact id: 'aacb46197b7097ea1fcdfef7fd2dd604') in 0.0012531 seconds
Number of updated asset objects reloaded before import = 0Number of asset objects unloaded after import = 1

========================================================================
Received Import Request.
  Time since last request: 116.322084 seconds.
  path: Assets/Rt9dielectrics.shader
  artifactKey: Guid(7f80d36799b9a6040a7b1ef05fa2654e) Importer(815301076,1909f56bfc062723c751e8b465ee728b)
Start importing Assets/Rt9dielectrics.shader using Guid(7f80d36799b9a6040a7b1ef05fa2654e) Importer(815301076,1909f56bfc062723c751e8b465ee728b) (PreviewImporter) -> (artifact id: 'f84317af5b92f5f6813d00dd4923bdd6') in 0.0050552 seconds
Number of updated asset objects reloaded before import = 0Number of asset objects unloaded after import = 1

========================================================================
Received Import Request.
  Time since last request: 10.291987 seconds.
  path: Assets/Rt10movecamera.shader
  artifactKey: Guid(3768ffaeeb6f99b46b480f04fc95abbf) Importer(815301076,1909f56bfc062723c751e8b465ee728b)
Start importing Assets/Rt10movecamera.shader using Guid(3768ffaeeb6f99b46b480f04fc95abbf) Importer(815301076,1909f56bfc062723c751e8b465ee728b) (PreviewImporter) -> (artifact id: '62abcd96620876ec6c97df97653df828') in 0.0013118 seconds
Number of updated asset objects reloaded before import = 0Number of asset objects unloaded after import = 1

========================================================================
Received Import Request.
  Time since last request: 198.474472 seconds.
  path: Assets/Rt10movecamera.shader
  artifactKey: Guid(3768ffaeeb6f99b46b480f04fc95abbf) Importer(815301076,1909f56bfc062723c751e8b465ee728b)
Start importing Assets/Rt10movecamera.shader using Guid(3768ffaeeb6f99b46b480f04fc95abbf) Importer(815301076,1909f56bfc062723c751e8b465ee728b) (PreviewImporter) -> (artifact id: '964526ed6b1e21b271bc0bb442e9de3d') in 0.0020275 seconds
Number of updated asset objects reloaded before import = 0Number of asset objects unloaded after import = 1

========================================================================
Received Import Request.
  Time since last request: 126.093748 seconds.
  path: Assets/Rt10movecamera.shader
  artifactKey: Guid(3768ffaeeb6f99b46b480f04fc95abbf) Importer(815301076,1909f56bfc062723c751e8b465ee728b)
Start importing Assets/Rt10movecamera.shader using Guid(3768ffaeeb6f99b46b480f04fc95abbf) Importer(815301076,1909f56bfc062723c751e8b465ee728b) (PreviewImporter) -> (artifact id: 'b0766f2721ef96ee241c05bde773e653') in 0.0017025 seconds
Number of updated asset objects reloaded before import = 0Number of asset objects unloaded after import = 1

========================================================================
Received Import Request.
  Time since last request: 315.431196 seconds.
  path: Assets/Rt0green.shader
  artifactKey: Guid(6630806745dd5144cb45fe09e4bdb033) Importer(815301076,1909f56bfc062723c751e8b465ee728b)
Start importing Assets/Rt0green.shader using Guid(6630806745dd5144cb45fe09e4bdb033) Importer(815301076,1909f56bfc062723c751e8b465ee728b) (PreviewImporter) -> (artifact id: '69d91bdb36624ba502288cb4dd2d5b12') in 0.0189809 seconds
Number of updated asset objects reloaded before import = 2Number of asset objects unloaded after import = 0

========================================================================
Received Import Request.
  Time since last request: 171.340216 seconds.
  path: Assets/Rt1redgreen.shader
  artifactKey: Guid(a72f071cbdeb06c499490613c8d126c7) Importer(815301076,1909f56bfc062723c751e8b465ee728b)
Start importing Assets/Rt1redgreen.shader using Guid(a72f071cbdeb06c499490613c8d126c7) Importer(815301076,1909f56bfc062723c751e8b465ee728b) (PreviewImporter) -> (artifact id: '4c895dd523cea858631cefbec4b17be9') in 0.0390686 seconds
Number of updated asset objects reloaded before import = 6Number of asset objects unloaded after import = 0

========================================================================
Received Import Request.
  Time since last request: 3.347316 seconds.
  path: Assets/Rt10movecamera.shader
  artifactKey: Guid(3768ffaeeb6f99b46b480f04fc95abbf) Importer(815301076,1909f56bfc062723c751e8b465ee728b)
Start importing Assets/Rt10movecamera.shader using Guid(3768ffaeeb6f99b46b480f04fc95abbf) Importer(815301076,1909f56bfc062723c751e8b465ee728b) (PreviewImporter) -> (artifact id: '2c652b8618e8dfb8e080f32c27661bb3') in 0.0015295 seconds
Number of updated asset objects reloaded before import = 0Number of asset objects unloaded after import = 1

